E, [2014-01-28T20:21:31.082057 #1894] ERROR -- : undefined method `to_i' for {:value=>1.33}:Hash (NoMethodError)
/Users/maximebedard/Desktop/koax-dashboard/jobs/minecraft_job.rb:23:in `block in <top (required)>'
/usr/local/var/rbenv/versions/2.1.0/lib/ruby/gems/2.1.0/gems/rufus-scheduler-2.0.24/lib/rufus/sc/jobs.rb:230:in `call'
/usr/local/var/rbenv/versions/2.1.0/lib/ruby/gems/2.1.0/gems/rufus-scheduler-2.0.24/lib/rufus/sc/jobs.rb:230:in `trigger_block'
/usr/local/var/rbenv/versions/2.1.0/lib/ruby/gems/2.1.0/gems/rufus-scheduler-2.0.24/lib/rufus/sc/jobs.rb:204:in `block in trigger'
/usr/local/var/rbenv/versions/2.1.0/lib/ruby/gems/2.1.0/gems/rufus-scheduler-2.0.24/lib/rufus/sc/scheduler.rb:430:in `call'
/usr/local/var/rbenv/versions/2.1.0/lib/ruby/gems/2.1.0/gems/rufus-scheduler-2.0.24/lib/rufus/sc/scheduler.rb:430:in `block in trigger_job'
E, [2014-01-28T20:22:03.891061 #1894] ERROR -- : undefined method `to_i' for {:value=>0.803}:Hash (NoMethodError)
/Users/maximebedard/Desktop/koax-dashboard/jobs/minecraft_job.rb:23:in `block in <top (required)>'
/usr/local/var/rbenv/versions/2.1.0/lib/ruby/gems/2.1.0/gems/rufus-scheduler-2.0.24/lib/rufus/sc/jobs.rb:230:in `call'
/usr/local/var/rbenv/versions/2.1.0/lib/ruby/gems/2.1.0/gems/rufus-scheduler-2.0.24/lib/rufus/sc/jobs.rb:230:in `trigger_block'
/usr/local/var/rbenv/versions/2.1.0/lib/ruby/gems/2.1.0/gems/rufus-scheduler-2.0.24/lib/rufus/sc/jobs.rb:204:in `block in trigger'
/usr/local/var/rbenv/versions/2.1.0/lib/ruby/gems/2.1.0/gems/rufus-scheduler-2.0.24/lib/rufus/sc/scheduler.rb:430:in `call'
/usr/local/var/rbenv/versions/2.1.0/lib/ruby/gems/2.1.0/gems/rufus-scheduler-2.0.24/lib/rufus/sc/scheduler.rb:430:in `block in trigger_job'
E, [2014-01-28T20:22:33.993125 #1894] ERROR -- : undefined method `to_i' for {:value=>1.067}:Hash (NoMethodError)
/Users/maximebedard/Desktop/koax-dashboard/jobs/minecraft_job.rb:23:in `block in <top (required)>'
/usr/local/var/rbenv/versions/2.1.0/lib/ruby/gems/2.1.0/gems/rufus-scheduler-2.0.24/lib/rufus/sc/jobs.rb:230:in `call'
/usr/local/var/rbenv/versions/2.1.0/lib/ruby/gems/2.1.0/gems/rufus-scheduler-2.0.24/lib/rufus/sc/jobs.rb:230:in `trigger_block'
/usr/local/var/rbenv/versions/2.1.0/lib/ruby/gems/2.1.0/gems/rufus-scheduler-2.0.24/lib/rufus/sc/jobs.rb:204:in `block in trigger'
/usr/local/var/rbenv/versions/2.1.0/lib/ruby/gems/2.1.0/gems/rufus-scheduler-2.0.24/lib/rufus/sc/scheduler.rb:430:in `call'
/usr/local/var/rbenv/versions/2.1.0/lib/ruby/gems/2.1.0/gems/rufus-scheduler-2.0.24/lib/rufus/sc/scheduler.rb:430:in `block in trigger_job'
E, [2014-01-28T20:23:03.781221 #1894] ERROR -- : undefined method `to_i' for {:value=>1.9829999999999999}:Hash (NoMethodError)
/Users/maximebedard/Desktop/koax-dashboard/jobs/minecraft_job.rb:23:in `block in <top (required)>'
/usr/local/var/rbenv/versions/2.1.0/lib/ruby/gems/2.1.0/gems/rufus-scheduler-2.0.24/lib/rufus/sc/jobs.rb:230:in `call'
/usr/local/var/rbenv/versions/2.1.0/lib/ruby/gems/2.1.0/gems/rufus-scheduler-2.0.24/lib/rufus/sc/jobs.rb:230:in `trigger_block'
/usr/local/var/rbenv/versions/2.1.0/lib/ruby/gems/2.1.0/gems/rufus-scheduler-2.0.24/lib/rufus/sc/jobs.rb:204:in `block in trigger'
/usr/local/var/rbenv/versions/2.1.0/lib/ruby/gems/2.1.0/gems/rufus-scheduler-2.0.24/lib/rufus/sc/scheduler.rb:430:in `call'
/usr/local/var/rbenv/versions/2.1.0/lib/ruby/gems/2.1.0/gems/rufus-scheduler-2.0.24/lib/rufus/sc/scheduler.rb:430:in `block in trigger_job'
E, [2014-01-28T20:23:33.903564 #1894] ERROR -- : undefined method `to_i' for {:value=>1.338}:Hash (NoMethodError)
/Users/maximebedard/Desktop/koax-dashboard/jobs/minecraft_job.rb:23:in `block in <top (required)>'
/usr/local/var/rbenv/versions/2.1.0/lib/ruby/gems/2.1.0/gems/rufus-scheduler-2.0.24/lib/rufus/sc/jobs.rb:230:in `call'
/usr/local/var/rbenv/versions/2.1.0/lib/ruby/gems/2.1.0/gems/rufus-scheduler-2.0.24/lib/rufus/sc/jobs.rb:230:in `trigger_block'
/usr/local/var/rbenv/versions/2.1.0/lib/ruby/gems/2.1.0/gems/rufus-scheduler-2.0.24/lib/rufus/sc/jobs.rb:204:in `block in trigger'
/usr/local/var/rbenv/versions/2.1.0/lib/ruby/gems/2.1.0/gems/rufus-scheduler-2.0.24/lib/rufus/sc/scheduler.rb:430:in `call'
/usr/local/var/rbenv/versions/2.1.0/lib/ruby/gems/2.1.0/gems/rufus-scheduler-2.0.24/lib/rufus/sc/scheduler.rb:430:in `block in trigger_job'
E, [2014-01-28T20:24:04.028927 #1894] ERROR -- : undefined method `to_i' for {:value=>0.86}:Hash (NoMethodError)
/Users/maximebedard/Desktop/koax-dashboard/jobs/minecraft_job.rb:23:in `block in <top (required)>'
/usr/local/var/rbenv/versions/2.1.0/lib/ruby/gems/2.1.0/gems/rufus-scheduler-2.0.24/lib/rufus/sc/jobs.rb:230:in `call'
/usr/local/var/rbenv/versions/2.1.0/lib/ruby/gems/2.1.0/gems/rufus-scheduler-2.0.24/lib/rufus/sc/jobs.rb:230:in `trigger_block'
/usr/local/var/rbenv/versions/2.1.0/lib/ruby/gems/2.1.0/gems/rufus-scheduler-2.0.24/lib/rufus/sc/jobs.rb:204:in `block in trigger'
/usr/local/var/rbenv/versions/2.1.0/lib/ruby/gems/2.1.0/gems/rufus-scheduler-2.0.24/lib/rufus/sc/scheduler.rb:430:in `call'
/usr/local/var/rbenv/versions/2.1.0/lib/ruby/gems/2.1.0/gems/rufus-scheduler-2.0.24/lib/rufus/sc/scheduler.rb:430:in `block in trigger_job'
E, [2014-01-28T20:24:33.816511 #1894] ERROR -- : undefined method `to_i' for {:value=>1.717}:Hash (NoMethodError)
/Users/maximebedard/Desktop/koax-dashboard/jobs/minecraft_job.rb:23:in `block in <top (required)>'
/usr/local/var/rbenv/versions/2.1.0/lib/ruby/gems/2.1.0/gems/rufus-scheduler-2.0.24/lib/rufus/sc/jobs.rb:230:in `call'
/usr/local/var/rbenv/versions/2.1.0/lib/ruby/gems/2.1.0/gems/rufus-scheduler-2.0.24/lib/rufus/sc/jobs.rb:230:in `trigger_block'
/usr/local/var/rbenv/versions/2.1.0/lib/ruby/gems/2.1.0/gems/rufus-scheduler-2.0.24/lib/rufus/sc/jobs.rb:204:in `block in trigger'
/usr/local/var/rbenv/versions/2.1.0/lib/ruby/gems/2.1.0/gems/rufus-scheduler-2.0.24/lib/rufus/sc/scheduler.rb:430:in `call'
/usr/local/var/rbenv/versions/2.1.0/lib/ruby/gems/2.1.0/gems/rufus-scheduler-2.0.24/lib/rufus/sc/scheduler.rb:430:in `block in trigger_job'
E, [2014-01-28T20:25:03.941674 #1894] ERROR -- : undefined method `to_i' for {:value=>0.86}:Hash (NoMethodError)
/Users/maximebedard/Desktop/koax-dashboard/jobs/minecraft_job.rb:23:in `block in <top (required)>'
/usr/local/var/rbenv/versions/2.1.0/lib/ruby/gems/2.1.0/gems/rufus-scheduler-2.0.24/lib/rufus/sc/jobs.rb:230:in `call'
/usr/local/var/rbenv/versions/2.1.0/lib/ruby/gems/2.1.0/gems/rufus-scheduler-2.0.24/lib/rufus/sc/jobs.rb:230:in `trigger_block'
/usr/local/var/rbenv/versions/2.1.0/lib/ruby/gems/2.1.0/gems/rufus-scheduler-2.0.24/lib/rufus/sc/jobs.rb:204:in `block in trigger'
/usr/local/var/rbenv/versions/2.1.0/lib/ruby/gems/2.1.0/gems/rufus-scheduler-2.0.24/lib/rufus/sc/scheduler.rb:430:in `call'
/usr/local/var/rbenv/versions/2.1.0/lib/ruby/gems/2.1.0/gems/rufus-scheduler-2.0.24/lib/rufus/sc/scheduler.rb:430:in `block in trigger_job'
E, [2014-01-28T20:25:34.065804 #1894] ERROR -- : undefined method `to_i' for {:value=>0.82}:Hash (NoMethodError)
/Users/maximebedard/Desktop/koax-dashboard/jobs/minecraft_job.rb:23:in `block in <top (required)>'
/usr/local/var/rbenv/versions/2.1.0/lib/ruby/gems/2.1.0/gems/rufus-scheduler-2.0.24/lib/rufus/sc/jobs.rb:230:in `call'
/usr/local/var/rbenv/versions/2.1.0/lib/ruby/gems/2.1.0/gems/rufus-scheduler-2.0.24/lib/rufus/sc/jobs.rb:230:in `trigger_block'
/usr/local/var/rbenv/versions/2.1.0/lib/ruby/gems/2.1.0/gems/rufus-scheduler-2.0.24/lib/rufus/sc/jobs.rb:204:in `block in trigger'
/usr/local/var/rbenv/versions/2.1.0/lib/ruby/gems/2.1.0/gems/rufus-scheduler-2.0.24/lib/rufus/sc/scheduler.rb:430:in `call'
/usr/local/var/rbenv/versions/2.1.0/lib/ruby/gems/2.1.0/gems/rufus-scheduler-2.0.24/lib/rufus/sc/scheduler.rb:430:in `block in trigger_job'
E, [2014-01-28T20:26:03.864972 #1894] ERROR -- : undefined method `to_i' for {:value=>1.073}:Hash (NoMethodError)
/Users/maximebedard/Desktop/koax-dashboard/jobs/minecraft_job.rb:23:in `block in <top (required)>'
/usr/local/var/rbenv/versions/2.1.0/lib/ruby/gems/2.1.0/gems/rufus-scheduler-2.0.24/lib/rufus/sc/jobs.rb:230:in `call'
/usr/local/var/rbenv/versions/2.1.0/lib/ruby/gems/2.1.0/gems/rufus-scheduler-2.0.24/lib/rufus/sc/jobs.rb:230:in `trigger_block'
/usr/local/var/rbenv/versions/2.1.0/lib/ruby/gems/2.1.0/gems/rufus-scheduler-2.0.24/lib/rufus/sc/jobs.rb:204:in `block in trigger'
/usr/local/var/rbenv/versions/2.1.0/lib/ruby/gems/2.1.0/gems/rufus-scheduler-2.0.24/lib/rufus/sc/scheduler.rb:430:in `call'
/usr/local/var/rbenv/versions/2.1.0/lib/ruby/gems/2.1.0/gems/rufus-scheduler-2.0.24/lib/rufus/sc/scheduler.rb:430:in `block in trigger_job'
E, [2014-01-28T20:26:33.984397 #1894] ERROR -- : undefined method `to_i' for {:value=>0.761}:Hash (NoMethodError)
/Users/maximebedard/Desktop/koax-dashboard/jobs/minecraft_job.rb:23:in `block in <top (required)>'
/usr/local/var/rbenv/versions/2.1.0/lib/ruby/gems/2.1.0/gems/rufus-scheduler-2.0.24/lib/rufus/sc/jobs.rb:230:in `call'
/usr/local/var/rbenv/versions/2.1.0/lib/ruby/gems/2.1.0/gems/rufus-scheduler-2.0.24/lib/rufus/sc/jobs.rb:230:in `trigger_block'
/usr/local/var/rbenv/versions/2.1.0/lib/ruby/gems/2.1.0/gems/rufus-scheduler-2.0.24/lib/rufus/sc/jobs.rb:204:in `block in trigger'
/usr/local/var/rbenv/versions/2.1.0/lib/ruby/gems/2.1.0/gems/rufus-scheduler-2.0.24/lib/rufus/sc/scheduler.rb:430:in `call'
/usr/local/var/rbenv/versions/2.1.0/lib/ruby/gems/2.1.0/gems/rufus-scheduler-2.0.24/lib/rufus/sc/scheduler.rb:430:in `block in trigger_job'
E, [2014-01-28T20:27:03.784712 #1894] ERROR -- : undefined method `to_i' for {:value=>0.825}:Hash (NoMethodError)
/Users/maximebedard/Desktop/koax-dashboard/jobs/minecraft_job.rb:23:in `block in <top (required)>'
/usr/local/var/rbenv/versions/2.1.0/lib/ruby/gems/2.1.0/gems/rufus-scheduler-2.0.24/lib/rufus/sc/jobs.rb:230:in `call'
/usr/local/var/rbenv/versions/2.1.0/lib/ruby/gems/2.1.0/gems/rufus-scheduler-2.0.24/lib/rufus/sc/jobs.rb:230:in `trigger_block'
/usr/local/var/rbenv/versions/2.1.0/lib/ruby/gems/2.1.0/gems/rufus-scheduler-2.0.24/lib/rufus/sc/jobs.rb:204:in `block in trigger'
/usr/local/var/rbenv/versions/2.1.0/lib/ruby/gems/2.1.0/gems/rufus-scheduler-2.0.24/lib/rufus/sc/scheduler.rb:430:in `call'
/usr/local/var/rbenv/versions/2.1.0/lib/ruby/gems/2.1.0/gems/rufus-scheduler-2.0.24/lib/rufus/sc/scheduler.rb:430:in `block in trigger_job'
E, [2014-01-28T20:27:33.958686 #1894] ERROR -- : undefined method `to_i' for {:value=>5.763}:Hash (NoMethodError)
/Users/maximebedard/Desktop/koax-dashboard/jobs/minecraft_job.rb:23:in `block in <top (required)>'
/usr/local/var/rbenv/versions/2.1.0/lib/ruby/gems/2.1.0/gems/rufus-scheduler-2.0.24/lib/rufus/sc/jobs.rb:230:in `call'
/usr/local/var/rbenv/versions/2.1.0/lib/ruby/gems/2.1.0/gems/rufus-scheduler-2.0.24/lib/rufus/sc/jobs.rb:230:in `trigger_block'
/usr/local/var/rbenv/versions/2.1.0/lib/ruby/gems/2.1.0/gems/rufus-scheduler-2.0.24/lib/rufus/sc/jobs.rb:204:in `block in trigger'
/usr/local/var/rbenv/versions/2.1.0/lib/ruby/gems/2.1.0/gems/rufus-scheduler-2.0.24/lib/rufus/sc/scheduler.rb:430:in `call'
/usr/local/var/rbenv/versions/2.1.0/lib/ruby/gems/2.1.0/gems/rufus-scheduler-2.0.24/lib/rufus/sc/scheduler.rb:430:in `block in trigger_job'
E, [2014-01-28T20:28:04.028119 #1894] ERROR -- : undefined method `to_i' for {:value=>0.868}:Hash (NoMethodError)
/Users/maximebedard/Desktop/koax-dashboard/jobs/minecraft_job.rb:23:in `block in <top (required)>'
/usr/local/var/rbenv/versions/2.1.0/lib/ruby/gems/2.1.0/gems/rufus-scheduler-2.0.24/lib/rufus/sc/jobs.rb:230:in `call'
/usr/local/var/rbenv/versions/2.1.0/lib/ruby/gems/2.1.0/gems/rufus-scheduler-2.0.24/lib/rufus/sc/jobs.rb:230:in `trigger_block'
/usr/local/var/rbenv/versions/2.1.0/lib/ruby/gems/2.1.0/gems/rufus-scheduler-2.0.24/lib/rufus/sc/jobs.rb:204:in `block in trigger'
/usr/local/var/rbenv/versions/2.1.0/lib/ruby/gems/2.1.0/gems/rufus-scheduler-2.0.24/lib/rufus/sc/scheduler.rb:430:in `call'
/usr/local/var/rbenv/versions/2.1.0/lib/ruby/gems/2.1.0/gems/rufus-scheduler-2.0.24/lib/rufus/sc/scheduler.rb:430:in `block in trigger_job'
E, [2014-01-28T20:28:33.822533 #1894] ERROR -- : undefined method `to_i' for {:value=>0.967}:Hash (NoMethodError)
/Users/maximebedard/Desktop/koax-dashboard/jobs/minecraft_job.rb:23:in `block in <top (required)>'
/usr/local/var/rbenv/versions/2.1.0/lib/ruby/gems/2.1.0/gems/rufus-scheduler-2.0.24/lib/rufus/sc/jobs.rb:230:in `call'
/usr/local/var/rbenv/versions/2.1.0/lib/ruby/gems/2.1.0/gems/rufus-scheduler-2.0.24/lib/rufus/sc/jobs.rb:230:in `trigger_block'
/usr/local/var/rbenv/versions/2.1.0/lib/ruby/gems/2.1.0/gems/rufus-scheduler-2.0.24/lib/rufus/sc/jobs.rb:204:in `block in trigger'
/usr/local/var/rbenv/versions/2.1.0/lib/ruby/gems/2.1.0/gems/rufus-scheduler-2.0.24/lib/rufus/sc/scheduler.rb:430:in `call'
/usr/local/var/rbenv/versions/2.1.0/lib/ruby/gems/2.1.0/gems/rufus-scheduler-2.0.24/lib/rufus/sc/scheduler.rb:430:in `block in trigger_job'
E, [2014-01-28T20:33:29.117171 #2356] ERROR -- : execution expired (Timeout::Error)
/Users/maximebedard/Desktop/koax-dashboard/lib/minecraft.rb:83:in `recvfrom'
/Users/maximebedard/Desktop/koax-dashboard/lib/minecraft.rb:83:in `block in read_packet'
/usr/local/var/rbenv/versions/2.1.0/lib/ruby/2.1.0/timeout.rb:82:in `block in timeout'
/usr/local/var/rbenv/versions/2.1.0/lib/ruby/2.1.0/timeout.rb:70:in `catch'
/usr/local/var/rbenv/versions/2.1.0/lib/ruby/2.1.0/timeout.rb:70:in `timeout'
/Users/maximebedard/Desktop/koax-dashboard/lib/minecraft.rb:81:in `read_packet'
/Users/maximebedard/Desktop/koax-dashboard/lib/minecraft.rb:97:in `handshake'
/Users/maximebedard/Desktop/koax-dashboard/lib/minecraft.rb:29:in `rescue in get_status'
/Users/maximebedard/Desktop/koax-dashboard/lib/minecraft.rb:25:in `get_status'
/Users/maximebedard/Desktop/koax-dashboard/jobs/minecraft_job.rb:17:in `block in <top (required)>'
/usr/local/var/rbenv/versions/2.1.0/lib/ruby/gems/2.1.0/gems/rufus-scheduler-2.0.24/lib/rufus/sc/jobs.rb:230:in `call'
/usr/local/var/rbenv/versions/2.1.0/lib/ruby/gems/2.1.0/gems/rufus-scheduler-2.0.24/lib/rufus/sc/jobs.rb:230:in `trigger_block'
/usr/local/var/rbenv/versions/2.1.0/lib/ruby/gems/2.1.0/gems/rufus-scheduler-2.0.24/lib/rufus/sc/jobs.rb:204:in `block in trigger'
/usr/local/var/rbenv/versions/2.1.0/lib/ruby/gems/2.1.0/gems/rufus-scheduler-2.0.24/lib/rufus/sc/scheduler.rb:430:in `call'
/usr/local/var/rbenv/versions/2.1.0/lib/ruby/gems/2.1.0/gems/rufus-scheduler-2.0.24/lib/rufus/sc/scheduler.rb:430:in `block in trigger_job'
E, [2014-01-28T20:33:29.118425 #2356] ERROR -- : execution expired (Timeout::Error)
/Users/maximebedard/Desktop/koax-dashboard/lib/minecraft.rb:83:in `recvfrom'
/Users/maximebedard/Desktop/koax-dashboard/lib/minecraft.rb:83:in `block in read_packet'
/usr/local/var/rbenv/versions/2.1.0/lib/ruby/2.1.0/timeout.rb:82:in `block in timeout'
/usr/local/var/rbenv/versions/2.1.0/lib/ruby/2.1.0/timeout.rb:70:in `catch'
/usr/local/var/rbenv/versions/2.1.0/lib/ruby/2.1.0/timeout.rb:70:in `timeout'
/Users/maximebedard/Desktop/koax-dashboard/lib/minecraft.rb:81:in `read_packet'
/Users/maximebedard/Desktop/koax-dashboard/lib/minecraft.rb:97:in `handshake'
/Users/maximebedard/Desktop/koax-dashboard/lib/minecraft.rb:29:in `rescue in get_status'
/Users/maximebedard/Desktop/koax-dashboard/lib/minecraft.rb:25:in `get_status'
/Users/maximebedard/Desktop/koax-dashboard/jobs/minecraft_job.rb:17:in `block in <top (required)>'
/usr/local/var/rbenv/versions/2.1.0/lib/ruby/gems/2.1.0/gems/rufus-scheduler-2.0.24/lib/rufus/sc/jobs.rb:230:in `call'
/usr/local/var/rbenv/versions/2.1.0/lib/ruby/gems/2.1.0/gems/rufus-scheduler-2.0.24/lib/rufus/sc/jobs.rb:230:in `trigger_block'
/usr/local/var/rbenv/versions/2.1.0/lib/ruby/gems/2.1.0/gems/rufus-scheduler-2.0.24/lib/rufus/sc/jobs.rb:204:in `block in trigger'
/usr/local/var/rbenv/versions/2.1.0/lib/ruby/gems/2.1.0/gems/rufus-scheduler-2.0.24/lib/rufus/sc/scheduler.rb:430:in `call'
/usr/local/var/rbenv/versions/2.1.0/lib/ruby/gems/2.1.0/gems/rufus-scheduler-2.0.24/lib/rufus/sc/scheduler.rb:430:in `block in trigger_job'
E, [2014-01-28T20:33:32.123986 #2356] ERROR -- : execution expired (Timeout::Error)
/Users/maximebedard/Desktop/koax-dashboard/lib/minecraft.rb:83:in `recvfrom'
/Users/maximebedard/Desktop/koax-dashboard/lib/minecraft.rb:83:in `block in read_packet'
/usr/local/var/rbenv/versions/2.1.0/lib/ruby/2.1.0/timeout.rb:82:in `block in timeout'
/usr/local/var/rbenv/versions/2.1.0/lib/ruby/2.1.0/timeout.rb:70:in `catch'
/usr/local/var/rbenv/versions/2.1.0/lib/ruby/2.1.0/timeout.rb:70:in `timeout'
/Users/maximebedard/Desktop/koax-dashboard/lib/minecraft.rb:81:in `read_packet'
/Users/maximebedard/Desktop/koax-dashboard/lib/minecraft.rb:97:in `handshake'
/Users/maximebedard/Desktop/koax-dashboard/lib/minecraft.rb:29:in `rescue in get_status'
/Users/maximebedard/Desktop/koax-dashboard/lib/minecraft.rb:25:in `get_status'
/Users/maximebedard/Desktop/koax-dashboard/jobs/minecraft_job.rb:17:in `block in <top (required)>'
/usr/local/var/rbenv/versions/2.1.0/lib/ruby/gems/2.1.0/gems/rufus-scheduler-2.0.24/lib/rufus/sc/jobs.rb:230:in `call'
/usr/local/var/rbenv/versions/2.1.0/lib/ruby/gems/2.1.0/gems/rufus-scheduler-2.0.24/lib/rufus/sc/jobs.rb:230:in `trigger_block'
/usr/local/var/rbenv/versions/2.1.0/lib/ruby/gems/2.1.0/gems/rufus-scheduler-2.0.24/lib/rufus/sc/jobs.rb:204:in `block in trigger'
/usr/local/var/rbenv/versions/2.1.0/lib/ruby/gems/2.1.0/gems/rufus-scheduler-2.0.24/lib/rufus/sc/scheduler.rb:430:in `call'
/usr/local/var/rbenv/versions/2.1.0/lib/ruby/gems/2.1.0/gems/rufus-scheduler-2.0.24/lib/rufus/sc/scheduler.rb:430:in `block in trigger_job'
E, [2014-01-28T20:33:37.031710 #2356] ERROR -- : execution expired (Timeout::Error)
/Users/maximebedard/Desktop/koax-dashboard/lib/minecraft.rb:83:in `recvfrom'
/Users/maximebedard/Desktop/koax-dashboard/lib/minecraft.rb:83:in `block in read_packet'
/usr/local/var/rbenv/versions/2.1.0/lib/ruby/2.1.0/timeout.rb:82:in `block in timeout'
/usr/local/var/rbenv/versions/2.1.0/lib/ruby/2.1.0/timeout.rb:70:in `catch'
/usr/local/var/rbenv/versions/2.1.0/lib/ruby/2.1.0/timeout.rb:70:in `timeout'
/Users/maximebedard/Desktop/koax-dashboard/lib/minecraft.rb:81:in `read_packet'
/Users/maximebedard/Desktop/koax-dashboard/lib/minecraft.rb:97:in `handshake'
/Users/maximebedard/Desktop/koax-dashboard/lib/minecraft.rb:29:in `rescue in get_status'
/Users/maximebedard/Desktop/koax-dashboard/lib/minecraft.rb:25:in `get_status'
/Users/maximebedard/Desktop/koax-dashboard/jobs/minecraft_job.rb:17:in `block in <top (required)>'
/usr/local/var/rbenv/versions/2.1.0/lib/ruby/gems/2.1.0/gems/rufus-scheduler-2.0.24/lib/rufus/sc/jobs.rb:230:in `call'
/usr/local/var/rbenv/versions/2.1.0/lib/ruby/gems/2.1.0/gems/rufus-scheduler-2.0.24/lib/rufus/sc/jobs.rb:230:in `trigger_block'
/usr/local/var/rbenv/versions/2.1.0/lib/ruby/gems/2.1.0/gems/rufus-scheduler-2.0.24/lib/rufus/sc/jobs.rb:204:in `block in trigger'
/usr/local/var/rbenv/versions/2.1.0/lib/ruby/gems/2.1.0/gems/rufus-scheduler-2.0.24/lib/rufus/sc/scheduler.rb:430:in `call'
/usr/local/var/rbenv/versions/2.1.0/lib/ruby/gems/2.1.0/gems/rufus-scheduler-2.0.24/lib/rufus/sc/scheduler.rb:430:in `block in trigger_job'
E, [2014-01-28T20:33:38.135171 #2356] ERROR -- : execution expired (Timeout::Error)
/Users/maximebedard/Desktop/koax-dashboard/lib/minecraft.rb:83:in `recvfrom'
/Users/maximebedard/Desktop/koax-dashboard/lib/minecraft.rb:83:in `block in read_packet'
/usr/local/var/rbenv/versions/2.1.0/lib/ruby/2.1.0/timeout.rb:82:in `block in timeout'
/usr/local/var/rbenv/versions/2.1.0/lib/ruby/2.1.0/timeout.rb:70:in `catch'
/usr/local/var/rbenv/versions/2.1.0/lib/ruby/2.1.0/timeout.rb:70:in `timeout'
/Users/maximebedard/Desktop/koax-dashboard/lib/minecraft.rb:81:in `read_packet'
/Users/maximebedard/Desktop/koax-dashboard/lib/minecraft.rb:97:in `handshake'
/Users/maximebedard/Desktop/koax-dashboard/lib/minecraft.rb:29:in `rescue in get_status'
/Users/maximebedard/Desktop/koax-dashboard/lib/minecraft.rb:25:in `get_status'
/Users/maximebedard/Desktop/koax-dashboard/lib/minecraft.rb:30:in `rescue in get_status'
/Users/maximebedard/Desktop/koax-dashboard/lib/minecraft.rb:25:in `get_status'
/Users/maximebedard/Desktop/koax-dashboard/lib/minecraft.rb:30:in `rescue in get_status'
/Users/maximebedard/Desktop/koax-dashboard/lib/minecraft.rb:25:in `get_status'
/Users/maximebedard/Desktop/koax-dashboard/lib/minecraft.rb:30:in `rescue in get_status'
/Users/maximebedard/Desktop/koax-dashboard/lib/minecraft.rb:25:in `get_status'
/Users/maximebedard/Desktop/koax-dashboard/lib/minecraft.rb:30:in `rescue in get_status'
/Users/maximebedard/Desktop/koax-dashboard/lib/minecraft.rb:25:in `get_status'
/Users/maximebedard/Desktop/koax-dashboard/jobs/minecraft_job.rb:17:in `block in <top (required)>'
/usr/local/var/rbenv/versions/2.1.0/lib/ruby/gems/2.1.0/gems/rufus-scheduler-2.0.24/lib/rufus/sc/jobs.rb:230:in `call'
/usr/local/var/rbenv/versions/2.1.0/lib/ruby/gems/2.1.0/gems/rufus-scheduler-2.0.24/lib/rufus/sc/jobs.rb:230:in `trigger_block'
/usr/local/var/rbenv/versions/2.1.0/lib/ruby/gems/2.1.0/gems/rufus-scheduler-2.0.24/lib/rufus/sc/jobs.rb:204:in `block in trigger'
/usr/local/var/rbenv/versions/2.1.0/lib/ruby/gems/2.1.0/gems/rufus-scheduler-2.0.24/lib/rufus/sc/scheduler.rb:430:in `call'
/usr/local/var/rbenv/versions/2.1.0/lib/ruby/gems/2.1.0/gems/rufus-scheduler-2.0.24/lib/rufus/sc/scheduler.rb:430:in `block in trigger_job'
E, [2014-01-28T20:33:38.135791 #2356] ERROR -- : execution expired (Timeout::Error)
/Users/maximebedard/Desktop/koax-dashboard/lib/minecraft.rb:83:in `recvfrom'
/Users/maximebedard/Desktop/koax-dashboard/lib/minecraft.rb:83:in `block in read_packet'
/usr/local/var/rbenv/versions/2.1.0/lib/ruby/2.1.0/timeout.rb:82:in `block in timeout'
/usr/local/var/rbenv/versions/2.1.0/lib/ruby/2.1.0/timeout.rb:70:in `catch'
/usr/local/var/rbenv/versions/2.1.0/lib/ruby/2.1.0/timeout.rb:70:in `timeout'
/Users/maximebedard/Desktop/koax-dashboard/lib/minecraft.rb:81:in `read_packet'
/Users/maximebedard/Desktop/koax-dashboard/lib/minecraft.rb:97:in `handshake'
/Users/maximebedard/Desktop/koax-dashboard/lib/minecraft.rb:29:in `rescue in get_status'
/Users/maximebedard/Desktop/koax-dashboard/lib/minecraft.rb:25:in `get_status'
/Users/maximebedard/Desktop/koax-dashboard/jobs/minecraft_job.rb:17:in `block in <top (required)>'
/usr/local/var/rbenv/versions/2.1.0/lib/ruby/gems/2.1.0/gems/rufus-scheduler-2.0.24/lib/rufus/sc/jobs.rb:230:in `call'
/usr/local/var/rbenv/versions/2.1.0/lib/ruby/gems/2.1.0/gems/rufus-scheduler-2.0.24/lib/rufus/sc/jobs.rb:230:in `trigger_block'
/usr/local/var/rbenv/versions/2.1.0/lib/ruby/gems/2.1.0/gems/rufus-scheduler-2.0.24/lib/rufus/sc/jobs.rb:204:in `block in trigger'
/usr/local/var/rbenv/versions/2.1.0/lib/ruby/gems/2.1.0/gems/rufus-scheduler-2.0.24/lib/rufus/sc/scheduler.rb:430:in `call'
/usr/local/var/rbenv/versions/2.1.0/lib/ruby/gems/2.1.0/gems/rufus-scheduler-2.0.24/lib/rufus/sc/scheduler.rb:430:in `block in trigger_job'
E, [2014-01-28T20:33:41.144363 #2356] ERROR -- : execution expired (Timeout::Error)
/Users/maximebedard/Desktop/koax-dashboard/lib/minecraft.rb:83:in `recvfrom'
/Users/maximebedard/Desktop/koax-dashboard/lib/minecraft.rb:83:in `block in read_packet'
/usr/local/var/rbenv/versions/2.1.0/lib/ruby/2.1.0/timeout.rb:82:in `block in timeout'
/usr/local/var/rbenv/versions/2.1.0/lib/ruby/2.1.0/timeout.rb:70:in `catch'
/usr/local/var/rbenv/versions/2.1.0/lib/ruby/2.1.0/timeout.rb:70:in `timeout'
/Users/maximebedard/Desktop/koax-dashboard/lib/minecraft.rb:81:in `read_packet'
/Users/maximebedard/Desktop/koax-dashboard/lib/minecraft.rb:97:in `handshake'
/Users/maximebedard/Desktop/koax-dashboard/lib/minecraft.rb:29:in `rescue in get_status'
/Users/maximebedard/Desktop/koax-dashboard/lib/minecraft.rb:25:in `get_status'
/Users/maximebedard/Desktop/koax-dashboard/lib/minecraft.rb:30:in `rescue in get_status'
/Users/maximebedard/Desktop/koax-dashboard/lib/minecraft.rb:25:in `get_status'
/Users/maximebedard/Desktop/koax-dashboard/lib/minecraft.rb:30:in `rescue in get_status'
/Users/maximebedard/Desktop/koax-dashboard/lib/minecraft.rb:25:in `get_status'
/Users/maximebedard/Desktop/koax-dashboard/jobs/minecraft_job.rb:17:in `block in <top (required)>'
/usr/local/var/rbenv/versions/2.1.0/lib/ruby/gems/2.1.0/gems/rufus-scheduler-2.0.24/lib/rufus/sc/jobs.rb:230:in `call'
/usr/local/var/rbenv/versions/2.1.0/lib/ruby/gems/2.1.0/gems/rufus-scheduler-2.0.24/lib/rufus/sc/jobs.rb:230:in `trigger_block'
/usr/local/var/rbenv/versions/2.1.0/lib/ruby/gems/2.1.0/gems/rufus-scheduler-2.0.24/lib/rufus/sc/jobs.rb:204:in `block in trigger'
/usr/local/var/rbenv/versions/2.1.0/lib/ruby/gems/2.1.0/gems/rufus-scheduler-2.0.24/lib/rufus/sc/scheduler.rb:430:in `call'
/usr/local/var/rbenv/versions/2.1.0/lib/ruby/gems/2.1.0/gems/rufus-scheduler-2.0.24/lib/rufus/sc/scheduler.rb:430:in `block in trigger_job'
E, [2014-01-28T20:33:41.145419 #2356] ERROR -- : execution expired (Timeout::Error)
/Users/maximebedard/Desktop/koax-dashboard/lib/minecraft.rb:83:in `recvfrom'
/Users/maximebedard/Desktop/koax-dashboard/lib/minecraft.rb:83:in `block in read_packet'
/usr/local/var/rbenv/versions/2.1.0/lib/ruby/2.1.0/timeout.rb:82:in `block in timeout'
/usr/local/var/rbenv/versions/2.1.0/lib/ruby/2.1.0/timeout.rb:70:in `catch'
/usr/local/var/rbenv/versions/2.1.0/lib/ruby/2.1.0/timeout.rb:70:in `timeout'
/Users/maximebedard/Desktop/koax-dashboard/lib/minecraft.rb:81:in `read_packet'
/Users/maximebedard/Desktop/koax-dashboard/lib/minecraft.rb:97:in `handshake'
/Users/maximebedard/Desktop/koax-dashboard/lib/minecraft.rb:29:in `rescue in get_status'
/Users/maximebedard/Desktop/koax-dashboard/lib/minecraft.rb:25:in `get_status'
/Users/maximebedard/Desktop/koax-dashboard/jobs/minecraft_job.rb:17:in `block in <top (required)>'
/usr/local/var/rbenv/versions/2.1.0/lib/ruby/gems/2.1.0/gems/rufus-scheduler-2.0.24/lib/rufus/sc/jobs.rb:230:in `call'
/usr/local/var/rbenv/versions/2.1.0/lib/ruby/gems/2.1.0/gems/rufus-scheduler-2.0.24/lib/rufus/sc/jobs.rb:230:in `trigger_block'
/usr/local/var/rbenv/versions/2.1.0/lib/ruby/gems/2.1.0/gems/rufus-scheduler-2.0.24/lib/rufus/sc/jobs.rb:204:in `block in trigger'
/usr/local/var/rbenv/versions/2.1.0/lib/ruby/gems/2.1.0/gems/rufus-scheduler-2.0.24/lib/rufus/sc/scheduler.rb:430:in `call'
/usr/local/var/rbenv/versions/2.1.0/lib/ruby/gems/2.1.0/gems/rufus-scheduler-2.0.24/lib/rufus/sc/scheduler.rb:430:in `block in trigger_job'
E, [2014-01-28T20:33:43.986790 #2356] ERROR -- : execution expired (Timeout::Error)
/Users/maximebedard/Desktop/koax-dashboard/lib/minecraft.rb:83:in `recvfrom'
/Users/maximebedard/Desktop/koax-dashboard/lib/minecraft.rb:83:in `block in read_packet'
/usr/local/var/rbenv/versions/2.1.0/lib/ruby/2.1.0/timeout.rb:82:in `block in timeout'
/usr/local/var/rbenv/versions/2.1.0/lib/ruby/2.1.0/timeout.rb:70:in `catch'
/usr/local/var/rbenv/versions/2.1.0/lib/ruby/2.1.0/timeout.rb:70:in `timeout'
/Users/maximebedard/Desktop/koax-dashboard/lib/minecraft.rb:81:in `read_packet'
/Users/maximebedard/Desktop/koax-dashboard/lib/minecraft.rb:97:in `handshake'
/Users/maximebedard/Desktop/koax-dashboard/lib/minecraft.rb:29:in `rescue in get_status'
/Users/maximebedard/Desktop/koax-dashboard/lib/minecraft.rb:25:in `get_status'
/Users/maximebedard/Desktop/koax-dashboard/jobs/minecraft_job.rb:17:in `block in <top (required)>'
/usr/local/var/rbenv/versions/2.1.0/lib/ruby/gems/2.1.0/gems/rufus-scheduler-2.0.24/lib/rufus/sc/jobs.rb:230:in `call'
/usr/local/var/rbenv/versions/2.1.0/lib/ruby/gems/2.1.0/gems/rufus-scheduler-2.0.24/lib/rufus/sc/jobs.rb:230:in `trigger_block'
/usr/local/var/rbenv/versions/2.1.0/lib/ruby/gems/2.1.0/gems/rufus-scheduler-2.0.24/lib/rufus/sc/jobs.rb:204:in `block in trigger'
/usr/local/var/rbenv/versions/2.1.0/lib/ruby/gems/2.1.0/gems/rufus-scheduler-2.0.24/lib/rufus/sc/scheduler.rb:430:in `call'
/usr/local/var/rbenv/versions/2.1.0/lib/ruby/gems/2.1.0/gems/rufus-scheduler-2.0.24/lib/rufus/sc/scheduler.rb:430:in `block in trigger_job'
E, [2014-01-28T20:33:44.149094 #2356] ERROR -- : execution expired (Timeout::Error)
/Users/maximebedard/Desktop/koax-dashboard/lib/minecraft.rb:83:in `recvfrom'
/Users/maximebedard/Desktop/koax-dashboard/lib/minecraft.rb:83:in `block in read_packet'
/usr/local/var/rbenv/versions/2.1.0/lib/ruby/2.1.0/timeout.rb:82:in `block in timeout'
/usr/local/var/rbenv/versions/2.1.0/lib/ruby/2.1.0/timeout.rb:70:in `catch'
/usr/local/var/rbenv/versions/2.1.0/lib/ruby/2.1.0/timeout.rb:70:in `timeout'
/Users/maximebedard/Desktop/koax-dashboard/lib/minecraft.rb:81:in `read_packet'
/Users/maximebedard/Desktop/koax-dashboard/lib/minecraft.rb:97:in `handshake'
/Users/maximebedard/Desktop/koax-dashboard/lib/minecraft.rb:29:in `rescue in get_status'
/Users/maximebedard/Desktop/koax-dashboard/lib/minecraft.rb:25:in `get_status'
/Users/maximebedard/Desktop/koax-dashboard/lib/minecraft.rb:30:in `rescue in get_status'
/Users/maximebedard/Desktop/koax-dashboard/lib/minecraft.rb:25:in `get_status'
/Users/maximebedard/Desktop/koax-dashboard/lib/minecraft.rb:30:in `rescue in get_status'
/Users/maximebedard/Desktop/koax-dashboard/lib/minecraft.rb:25:in `get_status'
/Users/maximebedard/Desktop/koax-dashboard/lib/minecraft.rb:30:in `rescue in get_status'
/Users/maximebedard/Desktop/koax-dashboard/lib/minecraft.rb:25:in `get_status'
/Users/maximebedard/Desktop/koax-dashboard/jobs/minecraft_job.rb:17:in `block in <top (required)>'
/usr/local/var/rbenv/versions/2.1.0/lib/ruby/gems/2.1.0/gems/rufus-scheduler-2.0.24/lib/rufus/sc/jobs.rb:230:in `call'
/usr/local/var/rbenv/versions/2.1.0/lib/ruby/gems/2.1.0/gems/rufus-scheduler-2.0.24/lib/rufus/sc/jobs.rb:230:in `trigger_block'
/usr/local/var/rbenv/versions/2.1.0/lib/ruby/gems/2.1.0/gems/rufus-scheduler-2.0.24/lib/rufus/sc/jobs.rb:204:in `block in trigger'
/usr/local/var/rbenv/versions/2.1.0/lib/ruby/gems/2.1.0/gems/rufus-scheduler-2.0.24/lib/rufus/sc/scheduler.rb:430:in `call'
/usr/local/var/rbenv/versions/2.1.0/lib/ruby/gems/2.1.0/gems/rufus-scheduler-2.0.24/lib/rufus/sc/scheduler.rb:430:in `block in trigger_job'
E, [2014-01-28T20:33:44.150596 #2356] ERROR -- : execution expired (Timeout::Error)
/Users/maximebedard/Desktop/koax-dashboard/lib/minecraft.rb:83:in `recvfrom'
/Users/maximebedard/Desktop/koax-dashboard/lib/minecraft.rb:83:in `block in read_packet'
/usr/local/var/rbenv/versions/2.1.0/lib/ruby/2.1.0/timeout.rb:82:in `block in timeout'
/usr/local/var/rbenv/versions/2.1.0/lib/ruby/2.1.0/timeout.rb:70:in `catch'
/usr/local/var/rbenv/versions/2.1.0/lib/ruby/2.1.0/timeout.rb:70:in `timeout'
/Users/maximebedard/Desktop/koax-dashboard/lib/minecraft.rb:81:in `read_packet'
/Users/maximebedard/Desktop/koax-dashboard/lib/minecraft.rb:97:in `handshake'
/Users/maximebedard/Desktop/koax-dashboard/lib/minecraft.rb:29:in `rescue in get_status'
/Users/maximebedard/Desktop/koax-dashboard/lib/minecraft.rb:25:in `get_status'
/Users/maximebedard/Desktop/koax-dashboard/jobs/minecraft_job.rb:17:in `block in <top (required)>'
/usr/local/var/rbenv/versions/2.1.0/lib/ruby/gems/2.1.0/gems/rufus-scheduler-2.0.24/lib/rufus/sc/jobs.rb:230:in `call'
/usr/local/var/rbenv/versions/2.1.0/lib/ruby/gems/2.1.0/gems/rufus-scheduler-2.0.24/lib/rufus/sc/jobs.rb:230:in `trigger_block'
/usr/local/var/rbenv/versions/2.1.0/lib/ruby/gems/2.1.0/gems/rufus-scheduler-2.0.24/lib/rufus/sc/jobs.rb:204:in `block in trigger'
/usr/local/var/rbenv/versions/2.1.0/lib/ruby/gems/2.1.0/gems/rufus-scheduler-2.0.24/lib/rufus/sc/scheduler.rb:430:in `call'
/usr/local/var/rbenv/versions/2.1.0/lib/ruby/gems/2.1.0/gems/rufus-scheduler-2.0.24/lib/rufus/sc/scheduler.rb:430:in `block in trigger_job'
E, [2014-01-28T20:33:44.980084 #2356] ERROR -- : execution expired (Timeout::Error)
/Users/maximebedard/Desktop/koax-dashboard/lib/minecraft.rb:83:in `recvfrom'
/Users/maximebedard/Desktop/koax-dashboard/lib/minecraft.rb:83:in `block in read_packet'
/usr/local/var/rbenv/versions/2.1.0/lib/ruby/2.1.0/timeout.rb:82:in `block in timeout'
/usr/local/var/rbenv/versions/2.1.0/lib/ruby/2.1.0/timeout.rb:70:in `catch'
/usr/local/var/rbenv/versions/2.1.0/lib/ruby/2.1.0/timeout.rb:70:in `timeout'
/Users/maximebedard/Desktop/koax-dashboard/lib/minecraft.rb:81:in `read_packet'
/Users/maximebedard/Desktop/koax-dashboard/lib/minecraft.rb:97:in `handshake'
/Users/maximebedard/Desktop/koax-dashboard/lib/minecraft.rb:29:in `rescue in get_status'
/Users/maximebedard/Desktop/koax-dashboard/lib/minecraft.rb:25:in `get_status'
/Users/maximebedard/Desktop/koax-dashboard/jobs/minecraft_job.rb:17:in `block in <top (required)>'
/usr/local/var/rbenv/versions/2.1.0/lib/ruby/gems/2.1.0/gems/rufus-scheduler-2.0.24/lib/rufus/sc/jobs.rb:230:in `call'
/usr/local/var/rbenv/versions/2.1.0/lib/ruby/gems/2.1.0/gems/rufus-scheduler-2.0.24/lib/rufus/sc/jobs.rb:230:in `trigger_block'
/usr/local/var/rbenv/versions/2.1.0/lib/ruby/gems/2.1.0/gems/rufus-scheduler-2.0.24/lib/rufus/sc/jobs.rb:204:in `block in trigger'
/usr/local/var/rbenv/versions/2.1.0/lib/ruby/gems/2.1.0/gems/rufus-scheduler-2.0.24/lib/rufus/sc/scheduler.rb:430:in `call'
/usr/local/var/rbenv/versions/2.1.0/lib/ruby/gems/2.1.0/gems/rufus-scheduler-2.0.24/lib/rufus/sc/scheduler.rb:430:in `block in trigger_job'
E, [2014-01-28T20:33:47.985482 #2356] ERROR -- : execution expired (Timeout::Error)
/Users/maximebedard/Desktop/koax-dashboard/lib/minecraft.rb:83:in `recvfrom'
/Users/maximebedard/Desktop/koax-dashboard/lib/minecraft.rb:83:in `block in read_packet'
/usr/local/var/rbenv/versions/2.1.0/lib/ruby/2.1.0/timeout.rb:82:in `block in timeout'
/usr/local/var/rbenv/versions/2.1.0/lib/ruby/2.1.0/timeout.rb:70:in `catch'
/usr/local/var/rbenv/versions/2.1.0/lib/ruby/2.1.0/timeout.rb:70:in `timeout'
/Users/maximebedard/Desktop/koax-dashboard/lib/minecraft.rb:81:in `read_packet'
/Users/maximebedard/Desktop/koax-dashboard/lib/minecraft.rb:97:in `handshake'
/Users/maximebedard/Desktop/koax-dashboard/lib/minecraft.rb:29:in `rescue in get_status'
/Users/maximebedard/Desktop/koax-dashboard/lib/minecraft.rb:25:in `get_status'
/Users/maximebedard/Desktop/koax-dashboard/lib/minecraft.rb:30:in `rescue in get_status'
/Users/maximebedard/Desktop/koax-dashboard/lib/minecraft.rb:25:in `get_status'
/Users/maximebedard/Desktop/koax-dashboard/lib/minecraft.rb:30:in `rescue in get_status'
/Users/maximebedard/Desktop/koax-dashboard/lib/minecraft.rb:25:in `get_status'
/Users/maximebedard/Desktop/koax-dashboard/lib/minecraft.rb:30:in `rescue in get_status'
/Users/maximebedard/Desktop/koax-dashboard/lib/minecraft.rb:25:in `get_status'
/Users/maximebedard/Desktop/koax-dashboard/jobs/minecraft_job.rb:17:in `block in <top (required)>'
/usr/local/var/rbenv/versions/2.1.0/lib/ruby/gems/2.1.0/gems/rufus-scheduler-2.0.24/lib/rufus/sc/jobs.rb:230:in `call'
/usr/local/var/rbenv/versions/2.1.0/lib/ruby/gems/2.1.0/gems/rufus-scheduler-2.0.24/lib/rufus/sc/jobs.rb:230:in `trigger_block'
/usr/local/var/rbenv/versions/2.1.0/lib/ruby/gems/2.1.0/gems/rufus-scheduler-2.0.24/lib/rufus/sc/jobs.rb:204:in `block in trigger'
/usr/local/var/rbenv/versions/2.1.0/lib/ruby/gems/2.1.0/gems/rufus-scheduler-2.0.24/lib/rufus/sc/scheduler.rb:430:in `call'
/usr/local/var/rbenv/versions/2.1.0/lib/ruby/gems/2.1.0/gems/rufus-scheduler-2.0.24/lib/rufus/sc/scheduler.rb:430:in `block in trigger_job'
E, [2014-01-28T20:33:47.991226 #2356] ERROR -- : execution expired (Timeout::Error)
/Users/maximebedard/Desktop/koax-dashboard/lib/minecraft.rb:83:in `recvfrom'
/Users/maximebedard/Desktop/koax-dashboard/lib/minecraft.rb:83:in `block in read_packet'
/usr/local/var/rbenv/versions/2.1.0/lib/ruby/2.1.0/timeout.rb:82:in `block in timeout'
/usr/local/var/rbenv/versions/2.1.0/lib/ruby/2.1.0/timeout.rb:70:in `catch'
/usr/local/var/rbenv/versions/2.1.0/lib/ruby/2.1.0/timeout.rb:70:in `timeout'
/Users/maximebedard/Desktop/koax-dashboard/lib/minecraft.rb:81:in `read_packet'
/Users/maximebedard/Desktop/koax-dashboard/lib/minecraft.rb:97:in `handshake'
/Users/maximebedard/Desktop/koax-dashboard/lib/minecraft.rb:29:in `rescue in get_status'
/Users/maximebedard/Desktop/koax-dashboard/lib/minecraft.rb:25:in `get_status'
/Users/maximebedard/Desktop/koax-dashboard/jobs/minecraft_job.rb:17:in `block in <top (required)>'
/usr/local/var/rbenv/versions/2.1.0/lib/ruby/gems/2.1.0/gems/rufus-scheduler-2.0.24/lib/rufus/sc/jobs.rb:230:in `call'
/usr/local/var/rbenv/versions/2.1.0/lib/ruby/gems/2.1.0/gems/rufus-scheduler-2.0.24/lib/rufus/sc/jobs.rb:230:in `trigger_block'
/usr/local/var/rbenv/versions/2.1.0/lib/ruby/gems/2.1.0/gems/rufus-scheduler-2.0.24/lib/rufus/sc/jobs.rb:204:in `block in trigger'
/usr/local/var/rbenv/versions/2.1.0/lib/ruby/gems/2.1.0/gems/rufus-scheduler-2.0.24/lib/rufus/sc/scheduler.rb:430:in `call'
/usr/local/var/rbenv/versions/2.1.0/lib/ruby/gems/2.1.0/gems/rufus-scheduler-2.0.24/lib/rufus/sc/scheduler.rb:430:in `block in trigger_job'
E, [2014-01-28T20:33:50.996231 #2356] ERROR -- : execution expired (Timeout::Error)
/Users/maximebedard/Desktop/koax-dashboard/lib/minecraft.rb:83:in `recvfrom'
/Users/maximebedard/Desktop/koax-dashboard/lib/minecraft.rb:83:in `block in read_packet'
/usr/local/var/rbenv/versions/2.1.0/lib/ruby/2.1.0/timeout.rb:82:in `block in timeout'
/usr/local/var/rbenv/versions/2.1.0/lib/ruby/2.1.0/timeout.rb:70:in `catch'
/usr/local/var/rbenv/versions/2.1.0/lib/ruby/2.1.0/timeout.rb:70:in `timeout'
/Users/maximebedard/Desktop/koax-dashboard/lib/minecraft.rb:81:in `read_packet'
/Users/maximebedard/Desktop/koax-dashboard/lib/minecraft.rb:97:in `handshake'
/Users/maximebedard/Desktop/koax-dashboard/lib/minecraft.rb:29:in `rescue in get_status'
/Users/maximebedard/Desktop/koax-dashboard/lib/minecraft.rb:25:in `get_status'
/Users/maximebedard/Desktop/koax-dashboard/jobs/minecraft_job.rb:17:in `block in <top (required)>'
/usr/local/var/rbenv/versions/2.1.0/lib/ruby/gems/2.1.0/gems/rufus-scheduler-2.0.24/lib/rufus/sc/jobs.rb:230:in `call'
/usr/local/var/rbenv/versions/2.1.0/lib/ruby/gems/2.1.0/gems/rufus-scheduler-2.0.24/lib/rufus/sc/jobs.rb:230:in `trigger_block'
/usr/local/var/rbenv/versions/2.1.0/lib/ruby/gems/2.1.0/gems/rufus-scheduler-2.0.24/lib/rufus/sc/jobs.rb:204:in `block in trigger'
/usr/local/var/rbenv/versions/2.1.0/lib/ruby/gems/2.1.0/gems/rufus-scheduler-2.0.24/lib/rufus/sc/scheduler.rb:430:in `call'
/usr/local/var/rbenv/versions/2.1.0/lib/ruby/gems/2.1.0/gems/rufus-scheduler-2.0.24/lib/rufus/sc/scheduler.rb:430:in `block in trigger_job'
E, [2014-01-28T20:33:50.997191 #2356] ERROR -- : execution expired (Timeout::Error)
/Users/maximebedard/Desktop/koax-dashboard/lib/minecraft.rb:83:in `recvfrom'
/Users/maximebedard/Desktop/koax-dashboard/lib/minecraft.rb:83:in `block in read_packet'
/usr/local/var/rbenv/versions/2.1.0/lib/ruby/2.1.0/timeout.rb:82:in `block in timeout'
/usr/local/var/rbenv/versions/2.1.0/lib/ruby/2.1.0/timeout.rb:70:in `catch'
/usr/local/var/rbenv/versions/2.1.0/lib/ruby/2.1.0/timeout.rb:70:in `timeout'
/Users/maximebedard/Desktop/koax-dashboard/lib/minecraft.rb:81:in `read_packet'
/Users/maximebedard/Desktop/koax-dashboard/lib/minecraft.rb:97:in `handshake'
/Users/maximebedard/Desktop/koax-dashboard/lib/minecraft.rb:29:in `rescue in get_status'
/Users/maximebedard/Desktop/koax-dashboard/lib/minecraft.rb:25:in `get_status'
/Users/maximebedard/Desktop/koax-dashboard/jobs/minecraft_job.rb:17:in `block in <top (required)>'
/usr/local/var/rbenv/versions/2.1.0/lib/ruby/gems/2.1.0/gems/rufus-scheduler-2.0.24/lib/rufus/sc/jobs.rb:230:in `call'
/usr/local/var/rbenv/versions/2.1.0/lib/ruby/gems/2.1.0/gems/rufus-scheduler-2.0.24/lib/rufus/sc/jobs.rb:230:in `trigger_block'
/usr/local/var/rbenv/versions/2.1.0/lib/ruby/gems/2.1.0/gems/rufus-scheduler-2.0.24/lib/rufus/sc/jobs.rb:204:in `block in trigger'
/usr/local/var/rbenv/versions/2.1.0/lib/ruby/gems/2.1.0/gems/rufus-scheduler-2.0.24/lib/rufus/sc/scheduler.rb:430:in `call'
/usr/local/var/rbenv/versions/2.1.0/lib/ruby/gems/2.1.0/gems/rufus-scheduler-2.0.24/lib/rufus/sc/scheduler.rb:430:in `block in trigger_job'
E, [2014-01-28T20:33:57.013417 #2356] ERROR -- : execution expired (Timeout::Error)
/Users/maximebedard/Desktop/koax-dashboard/lib/minecraft.rb:83:in `recvfrom'
/Users/maximebedard/Desktop/koax-dashboard/lib/minecraft.rb:83:in `block in read_packet'
/usr/local/var/rbenv/versions/2.1.0/lib/ruby/2.1.0/timeout.rb:82:in `block in timeout'
/usr/local/var/rbenv/versions/2.1.0/lib/ruby/2.1.0/timeout.rb:70:in `catch'
/usr/local/var/rbenv/versions/2.1.0/lib/ruby/2.1.0/timeout.rb:70:in `timeout'
/Users/maximebedard/Desktop/koax-dashboard/lib/minecraft.rb:81:in `read_packet'
/Users/maximebedard/Desktop/koax-dashboard/lib/minecraft.rb:97:in `handshake'
/Users/maximebedard/Desktop/koax-dashboard/lib/minecraft.rb:29:in `rescue in get_status'
/Users/maximebedard/Desktop/koax-dashboard/lib/minecraft.rb:25:in `get_status'
/Users/maximebedard/Desktop/koax-dashboard/jobs/minecraft_job.rb:17:in `block in <top (required)>'
/usr/local/var/rbenv/versions/2.1.0/lib/ruby/gems/2.1.0/gems/rufus-scheduler-2.0.24/lib/rufus/sc/jobs.rb:230:in `call'
/usr/local/var/rbenv/versions/2.1.0/lib/ruby/gems/2.1.0/gems/rufus-scheduler-2.0.24/lib/rufus/sc/jobs.rb:230:in `trigger_block'
/usr/local/var/rbenv/versions/2.1.0/lib/ruby/gems/2.1.0/gems/rufus-scheduler-2.0.24/lib/rufus/sc/jobs.rb:204:in `block in trigger'
/usr/local/var/rbenv/versions/2.1.0/lib/ruby/gems/2.1.0/gems/rufus-scheduler-2.0.24/lib/rufus/sc/scheduler.rb:430:in `call'
/usr/local/var/rbenv/versions/2.1.0/lib/ruby/gems/2.1.0/gems/rufus-scheduler-2.0.24/lib/rufus/sc/scheduler.rb:430:in `block in trigger_job'
E, [2014-01-28T20:33:57.014908 #2356] ERROR -- : execution expired (Timeout::Error)
/Users/maximebedard/Desktop/koax-dashboard/lib/minecraft.rb:83:in `recvfrom'
/Users/maximebedard/Desktop/koax-dashboard/lib/minecraft.rb:83:in `block in read_packet'
/usr/local/var/rbenv/versions/2.1.0/lib/ruby/2.1.0/timeout.rb:82:in `block in timeout'
/usr/local/var/rbenv/versions/2.1.0/lib/ruby/2.1.0/timeout.rb:70:in `catch'
/usr/local/var/rbenv/versions/2.1.0/lib/ruby/2.1.0/timeout.rb:70:in `timeout'
/Users/maximebedard/Desktop/koax-dashboard/lib/minecraft.rb:81:in `read_packet'
/Users/maximebedard/Desktop/koax-dashboard/lib/minecraft.rb:97:in `handshake'
/Users/maximebedard/Desktop/koax-dashboard/lib/minecraft.rb:29:in `rescue in get_status'
/Users/maximebedard/Desktop/koax-dashboard/lib/minecraft.rb:25:in `get_status'
/Users/maximebedard/Desktop/koax-dashboard/lib/minecraft.rb:30:in `rescue in get_status'
/Users/maximebedard/Desktop/koax-dashboard/lib/minecraft.rb:25:in `get_status'
/Users/maximebedard/Desktop/koax-dashboard/jobs/minecraft_job.rb:17:in `block in <top (required)>'
/usr/local/var/rbenv/versions/2.1.0/lib/ruby/gems/2.1.0/gems/rufus-scheduler-2.0.24/lib/rufus/sc/jobs.rb:230:in `call'
/usr/local/var/rbenv/versions/2.1.0/lib/ruby/gems/2.1.0/gems/rufus-scheduler-2.0.24/lib/rufus/sc/jobs.rb:230:in `trigger_block'
/usr/local/var/rbenv/versions/2.1.0/lib/ruby/gems/2.1.0/gems/rufus-scheduler-2.0.24/lib/rufus/sc/jobs.rb:204:in `block in trigger'
/usr/local/var/rbenv/versions/2.1.0/lib/ruby/gems/2.1.0/gems/rufus-scheduler-2.0.24/lib/rufus/sc/scheduler.rb:430:in `call'
/usr/local/var/rbenv/versions/2.1.0/lib/ruby/gems/2.1.0/gems/rufus-scheduler-2.0.24/lib/rufus/sc/scheduler.rb:430:in `block in trigger_job'
E, [2014-01-28T20:34:00.022138 #2356] ERROR -- : execution expired (Timeout::Error)
/Users/maximebedard/Desktop/koax-dashboard/lib/minecraft.rb:83:in `recvfrom'
/Users/maximebedard/Desktop/koax-dashboard/lib/minecraft.rb:83:in `block in read_packet'
/usr/local/var/rbenv/versions/2.1.0/lib/ruby/2.1.0/timeout.rb:82:in `block in timeout'
/usr/local/var/rbenv/versions/2.1.0/lib/ruby/2.1.0/timeout.rb:70:in `catch'
/usr/local/var/rbenv/versions/2.1.0/lib/ruby/2.1.0/timeout.rb:70:in `timeout'
/Users/maximebedard/Desktop/koax-dashboard/lib/minecraft.rb:81:in `read_packet'
/Users/maximebedard/Desktop/koax-dashboard/lib/minecraft.rb:97:in `handshake'
/Users/maximebedard/Desktop/koax-dashboard/lib/minecraft.rb:29:in `rescue in get_status'
/Users/maximebedard/Desktop/koax-dashboard/lib/minecraft.rb:25:in `get_status'
/Users/maximebedard/Desktop/koax-dashboard/lib/minecraft.rb:30:in `rescue in get_status'
/Users/maximebedard/Desktop/koax-dashboard/lib/minecraft.rb:25:in `get_status'
/Users/maximebedard/Desktop/koax-dashboard/lib/minecraft.rb:30:in `rescue in get_status'
/Users/maximebedard/Desktop/koax-dashboard/lib/minecraft.rb:25:in `get_status'
/Users/maximebedard/Desktop/koax-dashboard/jobs/minecraft_job.rb:17:in `block in <top (required)>'
/usr/local/var/rbenv/versions/2.1.0/lib/ruby/gems/2.1.0/gems/rufus-scheduler-2.0.24/lib/rufus/sc/jobs.rb:230:in `call'
/usr/local/var/rbenv/versions/2.1.0/lib/ruby/gems/2.1.0/gems/rufus-scheduler-2.0.24/lib/rufus/sc/jobs.rb:230:in `trigger_block'
/usr/local/var/rbenv/versions/2.1.0/lib/ruby/gems/2.1.0/gems/rufus-scheduler-2.0.24/lib/rufus/sc/jobs.rb:204:in `block in trigger'
/usr/local/var/rbenv/versions/2.1.0/lib/ruby/gems/2.1.0/gems/rufus-scheduler-2.0.24/lib/rufus/sc/scheduler.rb:430:in `call'
/usr/local/var/rbenv/versions/2.1.0/lib/ruby/gems/2.1.0/gems/rufus-scheduler-2.0.24/lib/rufus/sc/scheduler.rb:430:in `block in trigger_job'
E, [2014-01-28T20:34:00.023591 #2356] ERROR -- : execution expired (Timeout::Error)
/Users/maximebedard/Desktop/koax-dashboard/lib/minecraft.rb:83:in `recvfrom'
/Users/maximebedard/Desktop/koax-dashboard/lib/minecraft.rb:83:in `block in read_packet'
/usr/local/var/rbenv/versions/2.1.0/lib/ruby/2.1.0/timeout.rb:82:in `block in timeout'
/usr/local/var/rbenv/versions/2.1.0/lib/ruby/2.1.0/timeout.rb:70:in `catch'
/usr/local/var/rbenv/versions/2.1.0/lib/ruby/2.1.0/timeout.rb:70:in `timeout'
/Users/maximebedard/Desktop/koax-dashboard/lib/minecraft.rb:81:in `read_packet'
/Users/maximebedard/Desktop/koax-dashboard/lib/minecraft.rb:97:in `handshake'
/Users/maximebedard/Desktop/koax-dashboard/lib/minecraft.rb:29:in `rescue in get_status'
/Users/maximebedard/Desktop/koax-dashboard/lib/minecraft.rb:25:in `get_status'
/Users/maximebedard/Desktop/koax-dashboard/jobs/minecraft_job.rb:17:in `block in <top (required)>'
/usr/local/var/rbenv/versions/2.1.0/lib/ruby/gems/2.1.0/gems/rufus-scheduler-2.0.24/lib/rufus/sc/jobs.rb:230:in `call'
/usr/local/var/rbenv/versions/2.1.0/lib/ruby/gems/2.1.0/gems/rufus-scheduler-2.0.24/lib/rufus/sc/jobs.rb:230:in `trigger_block'
/usr/local/var/rbenv/versions/2.1.0/lib/ruby/gems/2.1.0/gems/rufus-scheduler-2.0.24/lib/rufus/sc/jobs.rb:204:in `block in trigger'
/usr/local/var/rbenv/versions/2.1.0/lib/ruby/gems/2.1.0/gems/rufus-scheduler-2.0.24/lib/rufus/sc/scheduler.rb:430:in `call'
/usr/local/var/rbenv/versions/2.1.0/lib/ruby/gems/2.1.0/gems/rufus-scheduler-2.0.24/lib/rufus/sc/scheduler.rb:430:in `block in trigger_job'
E, [2014-01-28T20:34:03.026103 #2356] ERROR -- : execution expired (Timeout::Error)
/Users/maximebedard/Desktop/koax-dashboard/lib/minecraft.rb:83:in `recvfrom'
/Users/maximebedard/Desktop/koax-dashboard/lib/minecraft.rb:83:in `block in read_packet'
/usr/local/var/rbenv/versions/2.1.0/lib/ruby/2.1.0/timeout.rb:82:in `block in timeout'
/usr/local/var/rbenv/versions/2.1.0/lib/ruby/2.1.0/timeout.rb:70:in `catch'
/usr/local/var/rbenv/versions/2.1.0/lib/ruby/2.1.0/timeout.rb:70:in `timeout'
/Users/maximebedard/Desktop/koax-dashboard/lib/minecraft.rb:81:in `read_packet'
/Users/maximebedard/Desktop/koax-dashboard/lib/minecraft.rb:97:in `handshake'
/Users/maximebedard/Desktop/koax-dashboard/lib/minecraft.rb:29:in `rescue in get_status'
/Users/maximebedard/Desktop/koax-dashboard/lib/minecraft.rb:25:in `get_status'
/Users/maximebedard/Desktop/koax-dashboard/lib/minecraft.rb:30:in `rescue in get_status'
/Users/maximebedard/Desktop/koax-dashboard/lib/minecraft.rb:25:in `get_status'
/Users/maximebedard/Desktop/koax-dashboard/lib/minecraft.rb:30:in `rescue in get_status'
/Users/maximebedard/Desktop/koax-dashboard/lib/minecraft.rb:25:in `get_status'
/Users/maximebedard/Desktop/koax-dashboard/lib/minecraft.rb:30:in `rescue in get_status'
/Users/maximebedard/Desktop/koax-dashboard/lib/minecraft.rb:25:in `get_status'
/Users/maximebedard/Desktop/koax-dashboard/lib/minecraft.rb:30:in `rescue in get_status'
/Users/maximebedard/Desktop/koax-dashboard/lib/minecraft.rb:25:in `get_status'
/Users/maximebedard/Desktop/koax-dashboard/lib/minecraft.rb:30:in `rescue in get_status'
/Users/maximebedard/Desktop/koax-dashboard/lib/minecraft.rb:25:in `get_status'
/Users/maximebedard/Desktop/koax-dashboard/jobs/minecraft_job.rb:17:in `block in <top (required)>'
/usr/local/var/rbenv/versions/2.1.0/lib/ruby/gems/2.1.0/gems/rufus-scheduler-2.0.24/lib/rufus/sc/jobs.rb:230:in `call'
/usr/local/var/rbenv/versions/2.1.0/lib/ruby/gems/2.1.0/gems/rufus-scheduler-2.0.24/lib/rufus/sc/jobs.rb:230:in `trigger_block'
/usr/local/var/rbenv/versions/2.1.0/lib/ruby/gems/2.1.0/gems/rufus-scheduler-2.0.24/lib/rufus/sc/jobs.rb:204:in `block in trigger'
/usr/local/var/rbenv/versions/2.1.0/lib/ruby/gems/2.1.0/gems/rufus-scheduler-2.0.24/lib/rufus/sc/scheduler.rb:430:in `call'
/usr/local/var/rbenv/versions/2.1.0/lib/ruby/gems/2.1.0/gems/rufus-scheduler-2.0.24/lib/rufus/sc/scheduler.rb:430:in `block in trigger_job'
E, [2014-01-28T20:34:03.028887 #2356] ERROR -- : execution expired (Timeout::Error)
/Users/maximebedard/Desktop/koax-dashboard/lib/minecraft.rb:83:in `recvfrom'
/Users/maximebedard/Desktop/koax-dashboard/lib/minecraft.rb:83:in `block in read_packet'
/usr/local/var/rbenv/versions/2.1.0/lib/ruby/2.1.0/timeout.rb:82:in `block in timeout'
/usr/local/var/rbenv/versions/2.1.0/lib/ruby/2.1.0/timeout.rb:70:in `catch'
/usr/local/var/rbenv/versions/2.1.0/lib/ruby/2.1.0/timeout.rb:70:in `timeout'
/Users/maximebedard/Desktop/koax-dashboard/lib/minecraft.rb:81:in `read_packet'
/Users/maximebedard/Desktop/koax-dashboard/lib/minecraft.rb:97:in `handshake'
/Users/maximebedard/Desktop/koax-dashboard/lib/minecraft.rb:29:in `rescue in get_status'
/Users/maximebedard/Desktop/koax-dashboard/lib/minecraft.rb:25:in `get_status'
/Users/maximebedard/Desktop/koax-dashboard/jobs/minecraft_job.rb:17:in `block in <top (required)>'
/usr/local/var/rbenv/versions/2.1.0/lib/ruby/gems/2.1.0/gems/rufus-scheduler-2.0.24/lib/rufus/sc/jobs.rb:230:in `call'
/usr/local/var/rbenv/versions/2.1.0/lib/ruby/gems/2.1.0/gems/rufus-scheduler-2.0.24/lib/rufus/sc/jobs.rb:230:in `trigger_block'
/usr/local/var/rbenv/versions/2.1.0/lib/ruby/gems/2.1.0/gems/rufus-scheduler-2.0.24/lib/rufus/sc/jobs.rb:204:in `block in trigger'
/usr/local/var/rbenv/versions/2.1.0/lib/ruby/gems/2.1.0/gems/rufus-scheduler-2.0.24/lib/rufus/sc/scheduler.rb:430:in `call'
/usr/local/var/rbenv/versions/2.1.0/lib/ruby/gems/2.1.0/gems/rufus-scheduler-2.0.24/lib/rufus/sc/scheduler.rb:430:in `block in trigger_job'
E, [2014-01-28T20:34:03.029455 #2356] ERROR -- : execution expired (Timeout::Error)
/Users/maximebedard/Desktop/koax-dashboard/lib/minecraft.rb:83:in `recvfrom'
/Users/maximebedard/Desktop/koax-dashboard/lib/minecraft.rb:83:in `block in read_packet'
/usr/local/var/rbenv/versions/2.1.0/lib/ruby/2.1.0/timeout.rb:82:in `block in timeout'
/usr/local/var/rbenv/versions/2.1.0/lib/ruby/2.1.0/timeout.rb:70:in `catch'
/usr/local/var/rbenv/versions/2.1.0/lib/ruby/2.1.0/timeout.rb:70:in `timeout'
/Users/maximebedard/Desktop/koax-dashboard/lib/minecraft.rb:81:in `read_packet'
/Users/maximebedard/Desktop/koax-dashboard/lib/minecraft.rb:97:in `handshake'
/Users/maximebedard/Desktop/koax-dashboard/lib/minecraft.rb:29:in `rescue in get_status'
/Users/maximebedard/Desktop/koax-dashboard/lib/minecraft.rb:25:in `get_status'
/Users/maximebedard/Desktop/koax-dashboard/jobs/minecraft_job.rb:17:in `block in <top (required)>'
/usr/local/var/rbenv/versions/2.1.0/lib/ruby/gems/2.1.0/gems/rufus-scheduler-2.0.24/lib/rufus/sc/jobs.rb:230:in `call'
/usr/local/var/rbenv/versions/2.1.0/lib/ruby/gems/2.1.0/gems/rufus-scheduler-2.0.24/lib/rufus/sc/jobs.rb:230:in `trigger_block'
/usr/local/var/rbenv/versions/2.1.0/lib/ruby/gems/2.1.0/gems/rufus-scheduler-2.0.24/lib/rufus/sc/jobs.rb:204:in `block in trigger'
/usr/local/var/rbenv/versions/2.1.0/lib/ruby/gems/2.1.0/gems/rufus-scheduler-2.0.24/lib/rufus/sc/scheduler.rb:430:in `call'
/usr/local/var/rbenv/versions/2.1.0/lib/ruby/gems/2.1.0/gems/rufus-scheduler-2.0.24/lib/rufus/sc/scheduler.rb:430:in `block in trigger_job'
E, [2014-01-28T20:34:13.172114 #2356] ERROR -- : execution expired (Timeout::Error)
/Users/maximebedard/Desktop/koax-dashboard/lib/minecraft.rb:83:in `recvfrom'
/Users/maximebedard/Desktop/koax-dashboard/lib/minecraft.rb:83:in `block in read_packet'
/usr/local/var/rbenv/versions/2.1.0/lib/ruby/2.1.0/timeout.rb:82:in `block in timeout'
/usr/local/var/rbenv/versions/2.1.0/lib/ruby/2.1.0/timeout.rb:70:in `catch'
/usr/local/var/rbenv/versions/2.1.0/lib/ruby/2.1.0/timeout.rb:70:in `timeout'
/Users/maximebedard/Desktop/koax-dashboard/lib/minecraft.rb:81:in `read_packet'
/Users/maximebedard/Desktop/koax-dashboard/lib/minecraft.rb:97:in `handshake'
/Users/maximebedard/Desktop/koax-dashboard/lib/minecraft.rb:29:in `rescue in get_status'
/Users/maximebedard/Desktop/koax-dashboard/lib/minecraft.rb:25:in `get_status'
/Users/maximebedard/Desktop/koax-dashboard/lib/minecraft.rb:30:in `rescue in get_status'
/Users/maximebedard/Desktop/koax-dashboard/lib/minecraft.rb:25:in `get_status'
/Users/maximebedard/Desktop/koax-dashboard/lib/minecraft.rb:30:in `rescue in get_status'
/Users/maximebedard/Desktop/koax-dashboard/lib/minecraft.rb:25:in `get_status'
/Users/maximebedard/Desktop/koax-dashboard/jobs/minecraft_job.rb:17:in `block in <top (required)>'
/usr/local/var/rbenv/versions/2.1.0/lib/ruby/gems/2.1.0/gems/rufus-scheduler-2.0.24/lib/rufus/sc/jobs.rb:230:in `call'
/usr/local/var/rbenv/versions/2.1.0/lib/ruby/gems/2.1.0/gems/rufus-scheduler-2.0.24/lib/rufus/sc/jobs.rb:230:in `trigger_block'
/usr/local/var/rbenv/versions/2.1.0/lib/ruby/gems/2.1.0/gems/rufus-scheduler-2.0.24/lib/rufus/sc/jobs.rb:204:in `block in trigger'
/usr/local/var/rbenv/versions/2.1.0/lib/ruby/gems/2.1.0/gems/rufus-scheduler-2.0.24/lib/rufus/sc/scheduler.rb:430:in `call'
/usr/local/var/rbenv/versions/2.1.0/lib/ruby/gems/2.1.0/gems/rufus-scheduler-2.0.24/lib/rufus/sc/scheduler.rb:430:in `block in trigger_job'
E, [2014-01-28T20:34:13.172517 #2356] ERROR -- : execution expired (Timeout::Error)
/Users/maximebedard/Desktop/koax-dashboard/lib/minecraft.rb:83:in `recvfrom'
/Users/maximebedard/Desktop/koax-dashboard/lib/minecraft.rb:83:in `block in read_packet'
/usr/local/var/rbenv/versions/2.1.0/lib/ruby/2.1.0/timeout.rb:82:in `block in timeout'
/usr/local/var/rbenv/versions/2.1.0/lib/ruby/2.1.0/timeout.rb:70:in `catch'
/usr/local/var/rbenv/versions/2.1.0/lib/ruby/2.1.0/timeout.rb:70:in `timeout'
/Users/maximebedard/Desktop/koax-dashboard/lib/minecraft.rb:81:in `read_packet'
/Users/maximebedard/Desktop/koax-dashboard/lib/minecraft.rb:97:in `handshake'
/Users/maximebedard/Desktop/koax-dashboard/lib/minecraft.rb:29:in `rescue in get_status'
/Users/maximebedard/Desktop/koax-dashboard/lib/minecraft.rb:25:in `get_status'
/Users/maximebedard/Desktop/koax-dashboard/lib/minecraft.rb:30:in `rescue in get_status'
/Users/maximebedard/Desktop/koax-dashboard/lib/minecraft.rb:25:in `get_status'
/Users/maximebedard/Desktop/koax-dashboard/lib/minecraft.rb:30:in `rescue in get_status'
/Users/maximebedard/Desktop/koax-dashboard/lib/minecraft.rb:25:in `get_status'
/Users/maximebedard/Desktop/koax-dashboard/jobs/minecraft_job.rb:17:in `block in <top (required)>'
/usr/local/var/rbenv/versions/2.1.0/lib/ruby/gems/2.1.0/gems/rufus-scheduler-2.0.24/lib/rufus/sc/jobs.rb:230:in `call'
/usr/local/var/rbenv/versions/2.1.0/lib/ruby/gems/2.1.0/gems/rufus-scheduler-2.0.24/lib/rufus/sc/jobs.rb:230:in `trigger_block'
/usr/local/var/rbenv/versions/2.1.0/lib/ruby/gems/2.1.0/gems/rufus-scheduler-2.0.24/lib/rufus/sc/jobs.rb:204:in `block in trigger'
/usr/local/var/rbenv/versions/2.1.0/lib/ruby/gems/2.1.0/gems/rufus-scheduler-2.0.24/lib/rufus/sc/scheduler.rb:430:in `call'
/usr/local/var/rbenv/versions/2.1.0/lib/ruby/gems/2.1.0/gems/rufus-scheduler-2.0.24/lib/rufus/sc/scheduler.rb:430:in `block in trigger_job'
E, [2014-01-28T20:34:13.174438 #2356] ERROR -- : execution expired (Timeout::Error)
/Users/maximebedard/Desktop/koax-dashboard/lib/minecraft.rb:83:in `recvfrom'
/Users/maximebedard/Desktop/koax-dashboard/lib/minecraft.rb:83:in `block in read_packet'
/usr/local/var/rbenv/versions/2.1.0/lib/ruby/2.1.0/timeout.rb:82:in `block in timeout'
/usr/local/var/rbenv/versions/2.1.0/lib/ruby/2.1.0/timeout.rb:70:in `catch'
/usr/local/var/rbenv/versions/2.1.0/lib/ruby/2.1.0/timeout.rb:70:in `timeout'
/Users/maximebedard/Desktop/koax-dashboard/lib/minecraft.rb:81:in `read_packet'
/Users/maximebedard/Desktop/koax-dashboard/lib/minecraft.rb:97:in `handshake'
/Users/maximebedard/Desktop/koax-dashboard/lib/minecraft.rb:29:in `rescue in get_status'
/Users/maximebedard/Desktop/koax-dashboard/lib/minecraft.rb:25:in `get_status'
/Users/maximebedard/Desktop/koax-dashboard/lib/minecraft.rb:30:in `rescue in get_status'
/Users/maximebedard/Desktop/koax-dashboard/lib/minecraft.rb:25:in `get_status'
/Users/maximebedard/Desktop/koax-dashboard/jobs/minecraft_job.rb:17:in `block in <top (required)>'
/usr/local/var/rbenv/versions/2.1.0/lib/ruby/gems/2.1.0/gems/rufus-scheduler-2.0.24/lib/rufus/sc/jobs.rb:230:in `call'
/usr/local/var/rbenv/versions/2.1.0/lib/ruby/gems/2.1.0/gems/rufus-scheduler-2.0.24/lib/rufus/sc/jobs.rb:230:in `trigger_block'
/usr/local/var/rbenv/versions/2.1.0/lib/ruby/gems/2.1.0/gems/rufus-scheduler-2.0.24/lib/rufus/sc/jobs.rb:204:in `block in trigger'
/usr/local/var/rbenv/versions/2.1.0/lib/ruby/gems/2.1.0/gems/rufus-scheduler-2.0.24/lib/rufus/sc/scheduler.rb:430:in `call'
/usr/local/var/rbenv/versions/2.1.0/lib/ruby/gems/2.1.0/gems/rufus-scheduler-2.0.24/lib/rufus/sc/scheduler.rb:430:in `block in trigger_job'
E, [2014-01-28T20:34:13.176053 #2356] ERROR -- : execution expired (Timeout::Error)
/Users/maximebedard/Desktop/koax-dashboard/lib/minecraft.rb:83:in `recvfrom'
/Users/maximebedard/Desktop/koax-dashboard/lib/minecraft.rb:83:in `block in read_packet'
/usr/local/var/rbenv/versions/2.1.0/lib/ruby/2.1.0/timeout.rb:82:in `block in timeout'
/usr/local/var/rbenv/versions/2.1.0/lib/ruby/2.1.0/timeout.rb:70:in `catch'
/usr/local/var/rbenv/versions/2.1.0/lib/ruby/2.1.0/timeout.rb:70:in `timeout'
/Users/maximebedard/Desktop/koax-dashboard/lib/minecraft.rb:81:in `read_packet'
/Users/maximebedard/Desktop/koax-dashboard/lib/minecraft.rb:97:in `handshake'
/Users/maximebedard/Desktop/koax-dashboard/lib/minecraft.rb:29:in `rescue in get_status'
/Users/maximebedard/Desktop/koax-dashboard/lib/minecraft.rb:25:in `get_status'
/Users/maximebedard/Desktop/koax-dashboard/jobs/minecraft_job.rb:17:in `block in <top (required)>'
/usr/local/var/rbenv/versions/2.1.0/lib/ruby/gems/2.1.0/gems/rufus-scheduler-2.0.24/lib/rufus/sc/jobs.rb:230:in `call'
/usr/local/var/rbenv/versions/2.1.0/lib/ruby/gems/2.1.0/gems/rufus-scheduler-2.0.24/lib/rufus/sc/jobs.rb:230:in `trigger_block'
/usr/local/var/rbenv/versions/2.1.0/lib/ruby/gems/2.1.0/gems/rufus-scheduler-2.0.24/lib/rufus/sc/jobs.rb:204:in `block in trigger'
/usr/local/var/rbenv/versions/2.1.0/lib/ruby/gems/2.1.0/gems/rufus-scheduler-2.0.24/lib/rufus/sc/scheduler.rb:430:in `call'
/usr/local/var/rbenv/versions/2.1.0/lib/ruby/gems/2.1.0/gems/rufus-scheduler-2.0.24/lib/rufus/sc/scheduler.rb:430:in `block in trigger_job'
E, [2014-01-28T20:34:14.132473 #2356] ERROR -- : execution expired (Timeout::Error)
/Users/maximebedard/Desktop/koax-dashboard/lib/minecraft.rb:83:in `recvfrom'
/Users/maximebedard/Desktop/koax-dashboard/lib/minecraft.rb:83:in `block in read_packet'
/usr/local/var/rbenv/versions/2.1.0/lib/ruby/2.1.0/timeout.rb:82:in `block in timeout'
/usr/local/var/rbenv/versions/2.1.0/lib/ruby/2.1.0/timeout.rb:70:in `catch'
/usr/local/var/rbenv/versions/2.1.0/lib/ruby/2.1.0/timeout.rb:70:in `timeout'
/Users/maximebedard/Desktop/koax-dashboard/lib/minecraft.rb:81:in `read_packet'
/Users/maximebedard/Desktop/koax-dashboard/lib/minecraft.rb:97:in `handshake'
/Users/maximebedard/Desktop/koax-dashboard/lib/minecraft.rb:29:in `rescue in get_status'
/Users/maximebedard/Desktop/koax-dashboard/lib/minecraft.rb:25:in `get_status'
/Users/maximebedard/Desktop/koax-dashboard/lib/minecraft.rb:30:in `rescue in get_status'
/Users/maximebedard/Desktop/koax-dashboard/lib/minecraft.rb:25:in `get_status'
/Users/maximebedard/Desktop/koax-dashboard/lib/minecraft.rb:30:in `rescue in get_status'
/Users/maximebedard/Desktop/koax-dashboard/lib/minecraft.rb:25:in `get_status'
/Users/maximebedard/Desktop/koax-dashboard/lib/minecraft.rb:30:in `rescue in get_status'
/Users/maximebedard/Desktop/koax-dashboard/lib/minecraft.rb:25:in `get_status'
/Users/maximebedard/Desktop/koax-dashboard/lib/minecraft.rb:30:in `rescue in get_status'
/Users/maximebedard/Desktop/koax-dashboard/lib/minecraft.rb:25:in `get_status'
/Users/maximebedard/Desktop/koax-dashboard/jobs/minecraft_job.rb:17:in `block in <top (required)>'
/usr/local/var/rbenv/versions/2.1.0/lib/ruby/gems/2.1.0/gems/rufus-scheduler-2.0.24/lib/rufus/sc/jobs.rb:230:in `call'
/usr/local/var/rbenv/versions/2.1.0/lib/ruby/gems/2.1.0/gems/rufus-scheduler-2.0.24/lib/rufus/sc/jobs.rb:230:in `trigger_block'
/usr/local/var/rbenv/versions/2.1.0/lib/ruby/gems/2.1.0/gems/rufus-scheduler-2.0.24/lib/rufus/sc/jobs.rb:204:in `block in trigger'
/usr/local/var/rbenv/versions/2.1.0/lib/ruby/gems/2.1.0/gems/rufus-scheduler-2.0.24/lib/rufus/sc/scheduler.rb:430:in `call'
/usr/local/var/rbenv/versions/2.1.0/lib/ruby/gems/2.1.0/gems/rufus-scheduler-2.0.24/lib/rufus/sc/scheduler.rb:430:in `block in trigger_job'
E, [2014-01-28T20:34:14.133649 #2356] ERROR -- : execution expired (Timeout::Error)
/Users/maximebedard/Desktop/koax-dashboard/lib/minecraft.rb:83:in `recvfrom'
/Users/maximebedard/Desktop/koax-dashboard/lib/minecraft.rb:83:in `block in read_packet'
/usr/local/var/rbenv/versions/2.1.0/lib/ruby/2.1.0/timeout.rb:82:in `block in timeout'
/usr/local/var/rbenv/versions/2.1.0/lib/ruby/2.1.0/timeout.rb:70:in `catch'
/usr/local/var/rbenv/versions/2.1.0/lib/ruby/2.1.0/timeout.rb:70:in `timeout'
/Users/maximebedard/Desktop/koax-dashboard/lib/minecraft.rb:81:in `read_packet'
/Users/maximebedard/Desktop/koax-dashboard/lib/minecraft.rb:97:in `handshake'
/Users/maximebedard/Desktop/koax-dashboard/lib/minecraft.rb:29:in `rescue in get_status'
/Users/maximebedard/Desktop/koax-dashboard/lib/minecraft.rb:25:in `get_status'
/Users/maximebedard/Desktop/koax-dashboard/jobs/minecraft_job.rb:17:in `block in <top (required)>'
/usr/local/var/rbenv/versions/2.1.0/lib/ruby/gems/2.1.0/gems/rufus-scheduler-2.0.24/lib/rufus/sc/jobs.rb:230:in `call'
/usr/local/var/rbenv/versions/2.1.0/lib/ruby/gems/2.1.0/gems/rufus-scheduler-2.0.24/lib/rufus/sc/jobs.rb:230:in `trigger_block'
/usr/local/var/rbenv/versions/2.1.0/lib/ruby/gems/2.1.0/gems/rufus-scheduler-2.0.24/lib/rufus/sc/jobs.rb:204:in `block in trigger'
/usr/local/var/rbenv/versions/2.1.0/lib/ruby/gems/2.1.0/gems/rufus-scheduler-2.0.24/lib/rufus/sc/scheduler.rb:430:in `call'
/usr/local/var/rbenv/versions/2.1.0/lib/ruby/gems/2.1.0/gems/rufus-scheduler-2.0.24/lib/rufus/sc/scheduler.rb:430:in `block in trigger_job'
E, [2014-01-28T20:34:24.086866 #2356] ERROR -- : execution expired (Timeout::Error)
/Users/maximebedard/Desktop/koax-dashboard/lib/minecraft.rb:83:in `recvfrom'
/Users/maximebedard/Desktop/koax-dashboard/lib/minecraft.rb:83:in `block in read_packet'
/usr/local/var/rbenv/versions/2.1.0/lib/ruby/2.1.0/timeout.rb:82:in `block in timeout'
/usr/local/var/rbenv/versions/2.1.0/lib/ruby/2.1.0/timeout.rb:70:in `catch'
/usr/local/var/rbenv/versions/2.1.0/lib/ruby/2.1.0/timeout.rb:70:in `timeout'
/Users/maximebedard/Desktop/koax-dashboard/lib/minecraft.rb:81:in `read_packet'
/Users/maximebedard/Desktop/koax-dashboard/lib/minecraft.rb:97:in `handshake'
/Users/maximebedard/Desktop/koax-dashboard/lib/minecraft.rb:29:in `rescue in get_status'
/Users/maximebedard/Desktop/koax-dashboard/lib/minecraft.rb:25:in `get_status'
/Users/maximebedard/Desktop/koax-dashboard/jobs/minecraft_job.rb:17:in `block in <top (required)>'
/usr/local/var/rbenv/versions/2.1.0/lib/ruby/gems/2.1.0/gems/rufus-scheduler-2.0.24/lib/rufus/sc/jobs.rb:230:in `call'
/usr/local/var/rbenv/versions/2.1.0/lib/ruby/gems/2.1.0/gems/rufus-scheduler-2.0.24/lib/rufus/sc/jobs.rb:230:in `trigger_block'
/usr/local/var/rbenv/versions/2.1.0/lib/ruby/gems/2.1.0/gems/rufus-scheduler-2.0.24/lib/rufus/sc/jobs.rb:204:in `block in trigger'
/usr/local/var/rbenv/versions/2.1.0/lib/ruby/gems/2.1.0/gems/rufus-scheduler-2.0.24/lib/rufus/sc/scheduler.rb:430:in `call'
/usr/local/var/rbenv/versions/2.1.0/lib/ruby/gems/2.1.0/gems/rufus-scheduler-2.0.24/lib/rufus/sc/scheduler.rb:430:in `block in trigger_job'
E, [2014-01-28T20:34:24.087979 #2356] ERROR -- : execution expired (Timeout::Error)
/Users/maximebedard/Desktop/koax-dashboard/lib/minecraft.rb:83:in `recvfrom'
/Users/maximebedard/Desktop/koax-dashboard/lib/minecraft.rb:83:in `block in read_packet'
/usr/local/var/rbenv/versions/2.1.0/lib/ruby/2.1.0/timeout.rb:82:in `block in timeout'
/usr/local/var/rbenv/versions/2.1.0/lib/ruby/2.1.0/timeout.rb:70:in `catch'
/usr/local/var/rbenv/versions/2.1.0/lib/ruby/2.1.0/timeout.rb:70:in `timeout'
/Users/maximebedard/Desktop/koax-dashboard/lib/minecraft.rb:81:in `read_packet'
/Users/maximebedard/Desktop/koax-dashboard/lib/minecraft.rb:97:in `handshake'
/Users/maximebedard/Desktop/koax-dashboard/lib/minecraft.rb:29:in `rescue in get_status'
/Users/maximebedard/Desktop/koax-dashboard/lib/minecraft.rb:25:in `get_status'
/Users/maximebedard/Desktop/koax-dashboard/lib/minecraft.rb:30:in `rescue in get_status'
/Users/maximebedard/Desktop/koax-dashboard/lib/minecraft.rb:25:in `get_status'
/Users/maximebedard/Desktop/koax-dashboard/jobs/minecraft_job.rb:17:in `block in <top (required)>'
/usr/local/var/rbenv/versions/2.1.0/lib/ruby/gems/2.1.0/gems/rufus-scheduler-2.0.24/lib/rufus/sc/jobs.rb:230:in `call'
/usr/local/var/rbenv/versions/2.1.0/lib/ruby/gems/2.1.0/gems/rufus-scheduler-2.0.24/lib/rufus/sc/jobs.rb:230:in `trigger_block'
/usr/local/var/rbenv/versions/2.1.0/lib/ruby/gems/2.1.0/gems/rufus-scheduler-2.0.24/lib/rufus/sc/jobs.rb:204:in `block in trigger'
/usr/local/var/rbenv/versions/2.1.0/lib/ruby/gems/2.1.0/gems/rufus-scheduler-2.0.24/lib/rufus/sc/scheduler.rb:430:in `call'
/usr/local/var/rbenv/versions/2.1.0/lib/ruby/gems/2.1.0/gems/rufus-scheduler-2.0.24/lib/rufus/sc/scheduler.rb:430:in `block in trigger_job'
E, [2014-01-28T20:34:30.100768 #2356] ERROR -- : execution expired (Timeout::Error)
/Users/maximebedard/Desktop/koax-dashboard/lib/minecraft.rb:83:in `recvfrom'
/Users/maximebedard/Desktop/koax-dashboard/lib/minecraft.rb:83:in `block in read_packet'
/usr/local/var/rbenv/versions/2.1.0/lib/ruby/2.1.0/timeout.rb:82:in `block in timeout'
/usr/local/var/rbenv/versions/2.1.0/lib/ruby/2.1.0/timeout.rb:70:in `catch'
/usr/local/var/rbenv/versions/2.1.0/lib/ruby/2.1.0/timeout.rb:70:in `timeout'
/Users/maximebedard/Desktop/koax-dashboard/lib/minecraft.rb:81:in `read_packet'
/Users/maximebedard/Desktop/koax-dashboard/lib/minecraft.rb:97:in `handshake'
/Users/maximebedard/Desktop/koax-dashboard/lib/minecraft.rb:29:in `rescue in get_status'
/Users/maximebedard/Desktop/koax-dashboard/lib/minecraft.rb:25:in `get_status'
/Users/maximebedard/Desktop/koax-dashboard/lib/minecraft.rb:30:in `rescue in get_status'
/Users/maximebedard/Desktop/koax-dashboard/lib/minecraft.rb:25:in `get_status'
/Users/maximebedard/Desktop/koax-dashboard/lib/minecraft.rb:30:in `rescue in get_status'
/Users/maximebedard/Desktop/koax-dashboard/lib/minecraft.rb:25:in `get_status'
/Users/maximebedard/Desktop/koax-dashboard/jobs/minecraft_job.rb:17:in `block in <top (required)>'
/usr/local/var/rbenv/versions/2.1.0/lib/ruby/gems/2.1.0/gems/rufus-scheduler-2.0.24/lib/rufus/sc/jobs.rb:230:in `call'
/usr/local/var/rbenv/versions/2.1.0/lib/ruby/gems/2.1.0/gems/rufus-scheduler-2.0.24/lib/rufus/sc/jobs.rb:230:in `trigger_block'
/usr/local/var/rbenv/versions/2.1.0/lib/ruby/gems/2.1.0/gems/rufus-scheduler-2.0.24/lib/rufus/sc/jobs.rb:204:in `block in trigger'
/usr/local/var/rbenv/versions/2.1.0/lib/ruby/gems/2.1.0/gems/rufus-scheduler-2.0.24/lib/rufus/sc/scheduler.rb:430:in `call'
/usr/local/var/rbenv/versions/2.1.0/lib/ruby/gems/2.1.0/gems/rufus-scheduler-2.0.24/lib/rufus/sc/scheduler.rb:430:in `block in trigger_job'
E, [2014-01-28T20:34:33.108078 #2356] ERROR -- : execution expired (Timeout::Error)
/Users/maximebedard/Desktop/koax-dashboard/lib/minecraft.rb:83:in `recvfrom'
/Users/maximebedard/Desktop/koax-dashboard/lib/minecraft.rb:83:in `block in read_packet'
/usr/local/var/rbenv/versions/2.1.0/lib/ruby/2.1.0/timeout.rb:82:in `block in timeout'
/usr/local/var/rbenv/versions/2.1.0/lib/ruby/2.1.0/timeout.rb:70:in `catch'
/usr/local/var/rbenv/versions/2.1.0/lib/ruby/2.1.0/timeout.rb:70:in `timeout'
/Users/maximebedard/Desktop/koax-dashboard/lib/minecraft.rb:81:in `read_packet'
/Users/maximebedard/Desktop/koax-dashboard/lib/minecraft.rb:97:in `handshake'
/Users/maximebedard/Desktop/koax-dashboard/lib/minecraft.rb:29:in `rescue in get_status'
/Users/maximebedard/Desktop/koax-dashboard/lib/minecraft.rb:25:in `get_status'
/Users/maximebedard/Desktop/koax-dashboard/lib/minecraft.rb:30:in `rescue in get_status'
/Users/maximebedard/Desktop/koax-dashboard/lib/minecraft.rb:25:in `get_status'
/Users/maximebedard/Desktop/koax-dashboard/lib/minecraft.rb:30:in `rescue in get_status'
/Users/maximebedard/Desktop/koax-dashboard/lib/minecraft.rb:25:in `get_status'
/Users/maximebedard/Desktop/koax-dashboard/jobs/minecraft_job.rb:17:in `block in <top (required)>'
/usr/local/var/rbenv/versions/2.1.0/lib/ruby/gems/2.1.0/gems/rufus-scheduler-2.0.24/lib/rufus/sc/jobs.rb:230:in `call'
/usr/local/var/rbenv/versions/2.1.0/lib/ruby/gems/2.1.0/gems/rufus-scheduler-2.0.24/lib/rufus/sc/jobs.rb:230:in `trigger_block'
/usr/local/var/rbenv/versions/2.1.0/lib/ruby/gems/2.1.0/gems/rufus-scheduler-2.0.24/lib/rufus/sc/jobs.rb:204:in `block in trigger'
/usr/local/var/rbenv/versions/2.1.0/lib/ruby/gems/2.1.0/gems/rufus-scheduler-2.0.24/lib/rufus/sc/scheduler.rb:430:in `call'
/usr/local/var/rbenv/versions/2.1.0/lib/ruby/gems/2.1.0/gems/rufus-scheduler-2.0.24/lib/rufus/sc/scheduler.rb:430:in `block in trigger_job'
E, [2014-01-28T20:34:33.963238 #2356] ERROR -- : execution expired (Timeout::Error)
/Users/maximebedard/Desktop/koax-dashboard/lib/minecraft.rb:83:in `recvfrom'
/Users/maximebedard/Desktop/koax-dashboard/lib/minecraft.rb:83:in `block in read_packet'
/usr/local/var/rbenv/versions/2.1.0/lib/ruby/2.1.0/timeout.rb:82:in `block in timeout'
/usr/local/var/rbenv/versions/2.1.0/lib/ruby/2.1.0/timeout.rb:70:in `catch'
/usr/local/var/rbenv/versions/2.1.0/lib/ruby/2.1.0/timeout.rb:70:in `timeout'
/Users/maximebedard/Desktop/koax-dashboard/lib/minecraft.rb:81:in `read_packet'
/Users/maximebedard/Desktop/koax-dashboard/lib/minecraft.rb:97:in `handshake'
/Users/maximebedard/Desktop/koax-dashboard/lib/minecraft.rb:29:in `rescue in get_status'
/Users/maximebedard/Desktop/koax-dashboard/lib/minecraft.rb:25:in `get_status'
/Users/maximebedard/Desktop/koax-dashboard/lib/minecraft.rb:30:in `rescue in get_status'
/Users/maximebedard/Desktop/koax-dashboard/lib/minecraft.rb:25:in `get_status'
/Users/maximebedard/Desktop/koax-dashboard/lib/minecraft.rb:30:in `rescue in get_status'
/Users/maximebedard/Desktop/koax-dashboard/lib/minecraft.rb:25:in `get_status'
/Users/maximebedard/Desktop/koax-dashboard/jobs/minecraft_job.rb:17:in `block in <top (required)>'
/usr/local/var/rbenv/versions/2.1.0/lib/ruby/gems/2.1.0/gems/rufus-scheduler-2.0.24/lib/rufus/sc/jobs.rb:230:in `call'
/usr/local/var/rbenv/versions/2.1.0/lib/ruby/gems/2.1.0/gems/rufus-scheduler-2.0.24/lib/rufus/sc/jobs.rb:230:in `trigger_block'
/usr/local/var/rbenv/versions/2.1.0/lib/ruby/gems/2.1.0/gems/rufus-scheduler-2.0.24/lib/rufus/sc/jobs.rb:204:in `block in trigger'
/usr/local/var/rbenv/versions/2.1.0/lib/ruby/gems/2.1.0/gems/rufus-scheduler-2.0.24/lib/rufus/sc/scheduler.rb:430:in `call'
/usr/local/var/rbenv/versions/2.1.0/lib/ruby/gems/2.1.0/gems/rufus-scheduler-2.0.24/lib/rufus/sc/scheduler.rb:430:in `block in trigger_job'
E, [2014-01-28T20:34:33.965143 #2356] ERROR -- : execution expired (Timeout::Error)
/Users/maximebedard/Desktop/koax-dashboard/lib/minecraft.rb:83:in `recvfrom'
/Users/maximebedard/Desktop/koax-dashboard/lib/minecraft.rb:83:in `block in read_packet'
/usr/local/var/rbenv/versions/2.1.0/lib/ruby/2.1.0/timeout.rb:82:in `block in timeout'
/usr/local/var/rbenv/versions/2.1.0/lib/ruby/2.1.0/timeout.rb:70:in `catch'
/usr/local/var/rbenv/versions/2.1.0/lib/ruby/2.1.0/timeout.rb:70:in `timeout'
/Users/maximebedard/Desktop/koax-dashboard/lib/minecraft.rb:81:in `read_packet'
/Users/maximebedard/Desktop/koax-dashboard/lib/minecraft.rb:97:in `handshake'
/Users/maximebedard/Desktop/koax-dashboard/lib/minecraft.rb:29:in `rescue in get_status'
/Users/maximebedard/Desktop/koax-dashboard/lib/minecraft.rb:25:in `get_status'
/Users/maximebedard/Desktop/koax-dashboard/lib/minecraft.rb:30:in `rescue in get_status'
/Users/maximebedard/Desktop/koax-dashboard/lib/minecraft.rb:25:in `get_status'
/Users/maximebedard/Desktop/koax-dashboard/lib/minecraft.rb:30:in `rescue in get_status'
/Users/maximebedard/Desktop/koax-dashboard/lib/minecraft.rb:25:in `get_status'
/Users/maximebedard/Desktop/koax-dashboard/jobs/minecraft_job.rb:17:in `block in <top (required)>'
/usr/local/var/rbenv/versions/2.1.0/lib/ruby/gems/2.1.0/gems/rufus-scheduler-2.0.24/lib/rufus/sc/jobs.rb:230:in `call'
/usr/local/var/rbenv/versions/2.1.0/lib/ruby/gems/2.1.0/gems/rufus-scheduler-2.0.24/lib/rufus/sc/jobs.rb:230:in `trigger_block'
/usr/local/var/rbenv/versions/2.1.0/lib/ruby/gems/2.1.0/gems/rufus-scheduler-2.0.24/lib/rufus/sc/jobs.rb:204:in `block in trigger'
/usr/local/var/rbenv/versions/2.1.0/lib/ruby/gems/2.1.0/gems/rufus-scheduler-2.0.24/lib/rufus/sc/scheduler.rb:430:in `call'
/usr/local/var/rbenv/versions/2.1.0/lib/ruby/gems/2.1.0/gems/rufus-scheduler-2.0.24/lib/rufus/sc/scheduler.rb:430:in `block in trigger_job'
E, [2014-01-28T20:39:46.238596 #2585] ERROR -- : Connection refused - recvfrom(2) (Errno::ECONNREFUSED)
/Users/maximebedard/Desktop/koax-dashboard/lib/minecraft.rb:83:in `recvfrom'
/Users/maximebedard/Desktop/koax-dashboard/lib/minecraft.rb:83:in `block in read_packet'
/usr/local/var/rbenv/versions/2.1.0/lib/ruby/2.1.0/timeout.rb:82:in `block in timeout'
/usr/local/var/rbenv/versions/2.1.0/lib/ruby/2.1.0/timeout.rb:70:in `catch'
/usr/local/var/rbenv/versions/2.1.0/lib/ruby/2.1.0/timeout.rb:70:in `timeout'
/Users/maximebedard/Desktop/koax-dashboard/lib/minecraft.rb:81:in `read_packet'
/Users/maximebedard/Desktop/koax-dashboard/lib/minecraft.rb:97:in `handshake'
/Users/maximebedard/Desktop/koax-dashboard/lib/minecraft.rb:103:in `rescue in handshake'
/Users/maximebedard/Desktop/koax-dashboard/lib/minecraft.rb:96:in `handshake'
/Users/maximebedard/Desktop/koax-dashboard/lib/minecraft.rb:103:in `rescue in handshake'
/Users/maximebedard/Desktop/koax-dashboard/lib/minecraft.rb:96:in `handshake'
/Users/maximebedard/Desktop/koax-dashboard/lib/minecraft.rb:103:in `rescue in handshake'
/Users/maximebedard/Desktop/koax-dashboard/lib/minecraft.rb:96:in `handshake'
/Users/maximebedard/Desktop/koax-dashboard/lib/minecraft.rb:29:in `rescue in get_status'
/Users/maximebedard/Desktop/koax-dashboard/lib/minecraft.rb:25:in `get_status'
/Users/maximebedard/Desktop/koax-dashboard/jobs/minecraft_job.rb:17:in `block in <top (required)>'
/usr/local/var/rbenv/versions/2.1.0/lib/ruby/gems/2.1.0/gems/rufus-scheduler-2.0.24/lib/rufus/sc/jobs.rb:230:in `call'
/usr/local/var/rbenv/versions/2.1.0/lib/ruby/gems/2.1.0/gems/rufus-scheduler-2.0.24/lib/rufus/sc/jobs.rb:230:in `trigger_block'
/usr/local/var/rbenv/versions/2.1.0/lib/ruby/gems/2.1.0/gems/rufus-scheduler-2.0.24/lib/rufus/sc/jobs.rb:204:in `block in trigger'
/usr/local/var/rbenv/versions/2.1.0/lib/ruby/gems/2.1.0/gems/rufus-scheduler-2.0.24/lib/rufus/sc/scheduler.rb:430:in `call'
/usr/local/var/rbenv/versions/2.1.0/lib/ruby/gems/2.1.0/gems/rufus-scheduler-2.0.24/lib/rufus/sc/scheduler.rb:430:in `block in trigger_job'
E, [2014-01-28T20:39:49.240562 #2585] ERROR -- : execution expired (Timeout::Error)
/Users/maximebedard/Desktop/koax-dashboard/lib/minecraft.rb:83:in `recvfrom'
/Users/maximebedard/Desktop/koax-dashboard/lib/minecraft.rb:83:in `block in read_packet'
/usr/local/var/rbenv/versions/2.1.0/lib/ruby/2.1.0/timeout.rb:82:in `block in timeout'
/usr/local/var/rbenv/versions/2.1.0/lib/ruby/2.1.0/timeout.rb:70:in `catch'
/usr/local/var/rbenv/versions/2.1.0/lib/ruby/2.1.0/timeout.rb:70:in `timeout'
/Users/maximebedard/Desktop/koax-dashboard/lib/minecraft.rb:81:in `read_packet'
/Users/maximebedard/Desktop/koax-dashboard/lib/minecraft.rb:97:in `handshake'
/Users/maximebedard/Desktop/koax-dashboard/lib/minecraft.rb:29:in `rescue in get_status'
/Users/maximebedard/Desktop/koax-dashboard/lib/minecraft.rb:25:in `get_status'
/Users/maximebedard/Desktop/koax-dashboard/jobs/minecraft_job.rb:17:in `block in <top (required)>'
/usr/local/var/rbenv/versions/2.1.0/lib/ruby/gems/2.1.0/gems/rufus-scheduler-2.0.24/lib/rufus/sc/jobs.rb:230:in `call'
/usr/local/var/rbenv/versions/2.1.0/lib/ruby/gems/2.1.0/gems/rufus-scheduler-2.0.24/lib/rufus/sc/jobs.rb:230:in `trigger_block'
/usr/local/var/rbenv/versions/2.1.0/lib/ruby/gems/2.1.0/gems/rufus-scheduler-2.0.24/lib/rufus/sc/jobs.rb:204:in `block in trigger'
/usr/local/var/rbenv/versions/2.1.0/lib/ruby/gems/2.1.0/gems/rufus-scheduler-2.0.24/lib/rufus/sc/scheduler.rb:430:in `call'
/usr/local/var/rbenv/versions/2.1.0/lib/ruby/gems/2.1.0/gems/rufus-scheduler-2.0.24/lib/rufus/sc/scheduler.rb:430:in `block in trigger_job'
E, [2014-01-28T20:39:51.206117 #2585] ERROR -- : Connection refused - recvfrom(2) (Errno::ECONNREFUSED)
/Users/maximebedard/Desktop/koax-dashboard/lib/minecraft.rb:83:in `recvfrom'
/Users/maximebedard/Desktop/koax-dashboard/lib/minecraft.rb:83:in `block in read_packet'
/usr/local/var/rbenv/versions/2.1.0/lib/ruby/2.1.0/timeout.rb:82:in `block in timeout'
/usr/local/var/rbenv/versions/2.1.0/lib/ruby/2.1.0/timeout.rb:70:in `catch'
/usr/local/var/rbenv/versions/2.1.0/lib/ruby/2.1.0/timeout.rb:70:in `timeout'
/Users/maximebedard/Desktop/koax-dashboard/lib/minecraft.rb:81:in `read_packet'
/Users/maximebedard/Desktop/koax-dashboard/lib/minecraft.rb:97:in `handshake'
/Users/maximebedard/Desktop/koax-dashboard/lib/minecraft.rb:29:in `rescue in get_status'
/Users/maximebedard/Desktop/koax-dashboard/lib/minecraft.rb:25:in `get_status'
/Users/maximebedard/Desktop/koax-dashboard/jobs/minecraft_job.rb:17:in `block in <top (required)>'
/usr/local/var/rbenv/versions/2.1.0/lib/ruby/gems/2.1.0/gems/rufus-scheduler-2.0.24/lib/rufus/sc/jobs.rb:230:in `call'
/usr/local/var/rbenv/versions/2.1.0/lib/ruby/gems/2.1.0/gems/rufus-scheduler-2.0.24/lib/rufus/sc/jobs.rb:230:in `trigger_block'
/usr/local/var/rbenv/versions/2.1.0/lib/ruby/gems/2.1.0/gems/rufus-scheduler-2.0.24/lib/rufus/sc/jobs.rb:204:in `block in trigger'
/usr/local/var/rbenv/versions/2.1.0/lib/ruby/gems/2.1.0/gems/rufus-scheduler-2.0.24/lib/rufus/sc/scheduler.rb:430:in `call'
/usr/local/var/rbenv/versions/2.1.0/lib/ruby/gems/2.1.0/gems/rufus-scheduler-2.0.24/lib/rufus/sc/scheduler.rb:430:in `block in trigger_job'
